<?xml version="1.0" encoding="UTF-8"?>
<!-- Generated by org.testng.reporters.JUnitXMLReporter -->
<testsuite ignored="0" hostname="PramodKumar" failures="1" tests="1" name="Default test(failed)" time="14.492" errors="0" timestamp="2026-02-11T08:31:18 IST">
  <testcase classname="tests.ui.SingleMoviePageTests" name="singleMovie" time="4.431">
    <failure type="java.lang.AssertionError" message="The following asserts failed:
	Movie Duration is not matching expected [126 Minutes] but found [130 Minutes],
	No Theares Avaialble message is not displaying expected [true] but found [false]">
      <![CDATA[java.lang.AssertionError: The following asserts failed:
Movie Duration is not matching expected [126 Minutes] but found [130 Minutes],
No Theares Avaialble message is not displaying expected [true] but found [false]
at tests.ui.SingleMoviePageTests.singleMovie(SingleMoviePageTests.java:54)
at java.base/java.util.ArrayList.forEach(ArrayList.java:1596)
... Removed 27 stack frames]]>
    </failure>
  </testcase> <!-- singleMovie -->
</testsuite> <!-- Default test(failed) -->
