<?xml version="1.0" encoding="UTF-8"?>
<!-- Generated by org.testng.reporters.JUnitXMLReporter -->
<testsuite ignored="0" hostname="PramodKumar" failures="0" tests="3" name="Surefire test" time="6.394" errors="0" timestamp="2025-12-16T09:20:24 IST">
  <testcase classname="com.selenium.demo.BMSProject.LoginPageTest" name="loginPageTest" time="2.822"/>
  <testcase classname="com.selenium.demo.BMSProject.LoginPageTest" name="registerPageTest" time="0.904"/>
  <testcase classname="com.selenium.demo.BMSProject.LoginPageTest" name="forgetPasswordPageTest" time="0.684"/>
</testsuite> <!-- Surefire test -->
