<?xml version="1.0" encoding="UTF-8"?>
<!-- Generated by org.testng.reporters.JUnitXMLReporter -->
<testsuite ignored="0" hostname="PramodKumar" failures="0" tests="7" name="Surefire test" time="41.006" errors="0" timestamp="2026-02-13T07:44:26 IST">
  <testcase classname="tests.ui.LoginPageTests" name="TS01_Validate_loginPageTest" time="7.509"/>
  <testcase classname="tests.ui.LoginPageTests" name="TS02_Validate_registerPageTest" time="1.894"/>
  <testcase classname="tests.ui.LoginPageTests" name="TS03_Validate_forgetPasswordPageTest" time="0.956"/>
  <testcase classname="tests.ui.SingleMoviePageTests" name="singleMovie" time="4.756"/>
  <testcase classname="tests.ui.AdminHomePageTests" name="TS01_Validate_userHomePageTest" time="19.205"/>
  <testcase classname="tests.ui.PartnerHomePageTests" name="TS01_Validate_userHomePageTest" time="18.726"/>
  <testcase classname="tests.ui.UserHomePageTests" name="TS01_Validate_userHomePageTest" time="17.565"/>
</testsuite> <!-- Surefire test -->
