<?xml version="1.0" encoding="UTF-8"?>
<!-- Generated by org.testng.reporters.JUnitXMLReporter -->
<testsuite ignored="0" hostname="PramodKumar" failures="1" tests="1" name="Surefire test" time="26.736" errors="0" timestamp="2026-01-27T08:38:46 IST">
  <testcase classname="tests.EndToEndTests.UserBookingShow" name="bookShow" time="17.681">
    <failure type="java.lang.AssertionError" message="The following asserts failed:
	Seat Number 12 is not booked correctly expected [true] but found [false],
	Seat Number 13 is not booked correctly expected [true] but found [false],
	Available Seats not displayed correctly after booking expected [true] but found [false]">
      <![CDATA[java.lang.AssertionError: The following asserts failed:
Seat Number 12 is not booked correctly expected [true] but found [false],
Seat Number 13 is not booked correctly expected [true] but found [false],
Available Seats not displayed correctly after booking expected [true] but found [false]
at tests.EndToEndTests.UserBookingShow.bookShow(UserBookingShow.java:106)
at java.base/java.util.ArrayList.forEach(ArrayList.java:1596)
... Removed 32 stack frames]]>
    </failure>
  </testcase> <!-- bookShow -->
</testsuite> <!-- Surefire test -->
