<?xml version="1.0" encoding="UTF-8"?>
<!-- Generated by org.testng.reporters.JUnitXMLReporter -->
<testsuite ignored="0" hostname="PramodKumar" failures="0" tests="3" name="Surefire test" time="5.822" errors="0" timestamp="2025-12-09T13:21:05 IST">
  <testcase classname="com.selenium.demo.BMSProject.LoginPageTest" name="loginPageTest" time="2.011"/>
  <testcase classname="com.selenium.demo.BMSProject.LoginPageTest" name="registerPageTest" time="0.706"/>
  <testcase classname="com.selenium.demo.BMSProject.LoginPageTest" name="forgetPasswordPageTest" time="0.494"/>
</testsuite> <!-- Surefire test -->
