<?xml version="1.0" encoding="UTF-8"?>
<!-- Generated by org.testng.reporters.JUnitXMLReporter -->
<testsuite ignored="0" hostname="PramodKumar" failures="0" tests="3" name="Surefire test" time="5.463" errors="0" timestamp="2025-12-09T12:40:35 IST">
  <testcase classname="com.selenium.demo.BMSProject.LoginPageTest" name="loginPageTest" time="1.74"/>
  <testcase classname="com.selenium.demo.BMSProject.LoginPageTest" name="registerPageTest" time="0.735"/>
  <testcase classname="com.selenium.demo.BMSProject.LoginPageTest" name="forgetPasswordPageTest" time="0.667"/>
</testsuite> <!-- Surefire test -->
