<?xml version="1.0" encoding="UTF-8"?>
<!-- Generated by org.testng.reporters.JUnitXMLReporter -->
<testsuite ignored="0" hostname="PramodKumar" failures="0" tests="3" name="Default test" time="19.703" errors="0" timestamp="2026-02-26T07:30:56 IST">
  <testcase classname="tests.ui.LoginWithDifferentUser" name="login" time="7.128"/>
  <testcase classname="tests.ui.LoginWithDifferentUser" name="login" time="4.361"/>
  <testcase classname="tests.ui.LoginWithDifferentUser" name="login" time="4.52"/>
</testsuite> <!-- Default test -->
