<?xml version="1.0" encoding="UTF-8"?>
<!-- Generated by org.testng.reporters.JUnitXMLReporter -->
<testsuite ignored="0" hostname="PramodKumar" failures="0" tests="6" name="Default test" time="9.8" errors="0" timestamp="2026-03-25T09:20:36 IST">
  <testcase classname="tests.api.AuthApiTests" name="shouldDecodeJWTBase64Successfully" time="2.211"/>
  <testcase classname="tests.api.AuthApiTests" name="shouldHaveValidJWTStructure" time="1.151"/>
  <testcase classname="tests.api.AuthApiTests" name="shouldHaveValidTokenExpiry" time="2.528"/>
  <testcase classname="tests.api.AuthApiTests" name="shouldLoginSuccessfully_withValidCredentials" time="1.255"/>
  <testcase classname="tests.api.AuthApiTests" name="shouldReturnError_withInvalidCredentials" time="1.011"/>
  <testcase classname="tests.api.AuthApiTests" name="shouldReturnError_withInvalidCredentials" time="0.839"/>
</testsuite> <!-- Default test -->
