<?xml version="1.0" encoding="UTF-8"?>
<!-- Generated by org.testng.reporters.JUnitXMLReporter -->
<testsuite ignored="0" hostname="PramodKumar" failures="0" tests="13" name="ChromeTest" time="128.938" errors="0" timestamp="2026-03-12T07:39:14 IST">
  <testcase classname="tests.ui.LoginWithDifferentUsersTests" name="TS01_login" time="36.237"/>
  <testcase classname="tests.ui.LoginWithDifferentUsersTests" name="TS01_login" time="12.51"/>
  <testcase classname="tests.ui.AdminHomePageTests" name="TS01_Validate_userHomePageTest" time="10.658"/>
  <testcase classname="tests.e2e.AdminAddingMovie" name="TS01_Validate_addMovieTest" time="11.416"/>
  <testcase classname="tests.ui.LoginWithDifferentUsersTests" name="TS01_login" time="6.201"/>
  <testcase classname="tests.ui.LoginPageTests" name="TS01_Validate_loginPageTest" time="3.049"/>
  <testcase classname="tests.ui.LoginPageTests" name="TS02_Validate_registerPageTest" time="2.85"/>
  <testcase classname="tests.ui.LoginPageTests" name="TS03_Validate_forgetPasswordPageTest" time="1.366"/>
  <testcase classname="tests.e2e.PartnerAddingShow" name="TS01_Validate_partnerAbleToAddShow" time="25.02"/>
  <testcase classname="tests.ui.PartnerHomePageTests" name="TS01_Validate_userHomePageTest" time="10.865"/>
  <testcase classname="tests.e2e.UserBookingShow" name="TS01_Validate_UserbookShow" time="31.672"/>
  <testcase classname="tests.ui.SingleMoviePageTests" name="TS01_singleMovie" time="4.425"/>
  <testcase classname="tests.ui.UserHomePageTests" name="TS01_Validate_userHomePageTest" time="12.421"/>
</testsuite> <!-- ChromeTest -->
