<?xml version="1.0" encoding="UTF-8"?>
<!-- Generated by org.testng.reporters.JUnitXMLReporter -->
<testsuite ignored="0" hostname="PramodKumar" failures="1" tests="25" name="ChromeTest" time="191.009" errors="0" timestamp="2026-03-27T08:58:55 IST">
  <testcase classname="tests.api.AuthApiTests" name="shouldDecodeJWTBase64Successfully" time="2.415"/>
  <testcase classname="tests.api.AuthApiTests" name="shouldHaveValidJWTStructure" time="0.957"/>
  <testcase classname="tests.api.AuthApiTests" name="shouldHaveValidTokenExpiry" time="2.002"/>
  <testcase classname="tests.api.AuthApiTests" name="shouldLoginSuccessfully_withValidCredentials" time="1.256"/>
  <testcase classname="tests.api.AuthApiTests" name="shouldRegisterSuccessfully" time="2.19"/>
  <testcase classname="tests.api.AuthApiTests" name="shouldReturnError_withInvalidCredentials" time="0.759"/>
  <testcase classname="tests.api.AuthApiTests" name="shouldReturnError_withInvalidCredentials" time="1.112"/>
  <testcase classname="tests.api.AuthApiTests" name="shouldReturnError_withMissingRequiredFieldCombination" time="0.475"/>
  <testcase classname="tests.api.AuthApiTests" name="shouldReturnError_withMissingRequiredFieldCombination" time="0.518"/>
  <testcase classname="tests.api.AuthApiTests" name="shouldReturnError_withMissingRequiredFieldCombination" time="0.437"/>
  <testcase classname="tests.api.AuthApiTests" name="shouldReturnError_withMissingRequiredFieldCombination" time="0.434"/>
  <testcase classname="tests.api.AuthApiTests" name="shouldReturnError_withMissingRequiredFieldCombination" time="0.423"/>
  <testcase classname="tests.e2e.AdminAddingMovie" name="TS01_Validate_addMovieTest" time="6.038"/>
  <testcase classname="tests.ui.LoginWithDifferentUsersTests" name="TS01_login" time="4.191"/>
  <testcase classname="tests.ui.LoginWithDifferentUsersTests" name="TS01_login" time="3.897"/>
  <testcase classname="tests.ui.LoginWithDifferentUsersTests" name="TS01_login" time="3.803"/>
  <testcase classname="tests.ui.AdminHomePageTests" name="TS01_Validate_userHomePageTest" time="10.364"/>
  <testcase classname="tests.e2e.PartnerAddingShow" name="TS01_Validate_partnerAbleToAddShow" time="17.133"/>
  <testcase classname="tests.ui.LoginPageTests" name="TS01_Validate_loginPageTest" time="1.834"/>
  <testcase classname="tests.ui.LoginPageTests" name="TS02_Validate_registerPageTest" time="0.685"/>
  <testcase classname="tests.ui.LoginPageTests" name="TS03_Validate_forgetPasswordPageTest" time="0.546"/>
  <testcase classname="tests.e2e.UserBookingShow" name="TS01_Validate_UserbookShow" time="49.784">
    <failure type="org.openqa.selenium.TimeoutException" message="Expected condition failed: waiting for visibility of all elements located by By.xpath: //*[contains(@class,&amp;apos;seat-ul&amp;apos;)] (tried for 45 second(s) with 500 milliseconds interval)
Build info: version: &amp;apos;4.21.0&amp;apos;, revision: &amp;apos;79ed462ef4&amp;apos;
System info: os.name: &amp;apos;Windows 11&amp;apos;, os.arch: &amp;apos;amd64&amp;apos;, os.version: &amp;apos;10.0&amp;apos;, java.version: &amp;apos;21.0.9&amp;apos;
Driver info: org.openqa.selenium.chrome.ChromeDriver
Capabilities {acceptInsecureCerts: false, browserName: chrome, browserVersion: 146.0.7680.165, chrome: {chromedriverVersion: 146.0.7680.165 (4b989da09e1..., userDataDir: C:\Users\pramo\AppData\Loca...}, fedcm:accounts: true, goog:chromeOptions: {debuggerAddress: localhost:56727}, goog:processID: 22080, networkConnectionEnabled: false, pageLoadStrategy: normal, platformName: windows, proxy: Proxy(), se:cdp: ws://localhost:56727/devtoo..., se:cdpVersion: 146.0.7680.165, setWindowRect: true, strictFileInteractability: false, timeouts: {implicit: 0, pageLoad: 300000, script: 30000}, unhandledPromptBehavior: dismiss and notify, webauthn:extension:credBlob: true, webauthn:extension:largeBlob: true, webauthn:extension:minPinLength: true, webauthn:extension:prf: true, webauthn:virtualAuthenticators: true}
Session ID: 3798c0686dc1185d914eae565a7bcc2f">
      <![CDATA[org.openqa.selenium.TimeoutException: Expected condition failed: waiting for visibility of all elements located by By.xpath: //*[contains(@class,'seat-ul')] (tried for 45 second(s) with 500 milliseconds interval)
Build info: version: '4.21.0', revision: '79ed462ef4'
System info: os.name: 'Windows 11', os.arch: 'amd64', os.version: '10.0', java.version: '21.0.9'
Driver info: org.openqa.selenium.chrome.ChromeDriver
Capabilities {acceptInsecureCerts: false, browserName: chrome, browserVersion: 146.0.7680.165, chrome: {chromedriverVersion: 146.0.7680.165 (4b989da09e1..., userDataDir: C:\Users\pramo\AppData\Loca...}, fedcm:accounts: true, goog:chromeOptions: {debuggerAddress: localhost:56727}, goog:processID: 22080, networkConnectionEnabled: false, pageLoadStrategy: normal, platformName: windows, proxy: Proxy(), se:cdp: ws://localhost:56727/devtoo..., se:cdpVersion: 146.0.7680.165, setWindowRect: true, strictFileInteractability: false, timeouts: {implicit: 0, pageLoad: 300000, script: 30000}, unhandledPromptBehavior: dismiss and notify, webauthn:extension:credBlob: true, webauthn:extension:largeBlob: true, webauthn:extension:minPinLength: true, webauthn:extension:prf: true, webauthn:virtualAuthenticators: true}
Session ID: 3798c0686dc1185d914eae565a7bcc2f
at org.openqa.selenium.support.ui.WebDriverWait.timeoutException(WebDriverWait.java:84)
at org.openqa.selenium.support.ui.FluentWait.until(FluentWait.java:228)
at pages.MovieDetailsPage.waitForPageLoad(MovieDetailsPage.java:84)
at tests.e2e.UserBookingShow.TS01_Validate_UserbookShow(UserBookingShow.java:93)
at java.base/java.util.concurrent.ThreadPoolExecutor.runWorker(ThreadPoolExecutor.java:1144)
at java.base/java.util.concurrent.ThreadPoolExecutor$Worker.run(ThreadPoolExecutor.java:642)
at java.base/java.lang.Thread.run(Thread.java:1583)
... Removed 10 stack frames]]>
    </failure>
  </testcase> <!-- TS01_Validate_UserbookShow -->
  <testcase classname="tests.ui.PartnerHomePageTests" name="TS01_Validate_userHomePageTest" time="10.315"/>
  <testcase classname="tests.ui.SingleMoviePageTests" name="TS01_singleMovie" time="3.97"/>
  <testcase classname="tests.ui.UserHomePageTests" name="TS01_Validate_userHomePageTest" time="12.476"/>
</testsuite> <!-- ChromeTest -->
