<?xml version="1.0" encoding="UTF-8"?>
<testng-results ignored="0" total="1" passed="0" failed="1" skipped="0">
  <reporter-output>
  </reporter-output>
  <suite started-at="2026-01-27T08:38:19 IST" name="Surefire suite" finished-at="2026-01-27T08:38:46 IST" duration-ms="26736">
    <groups>
    </groups>
    <test started-at="2026-01-27T08:38:19 IST" name="Surefire test" finished-at="2026-01-27T08:38:46 IST" duration-ms="26736">
      <class name="tests.EndToEndTests.UserBookingShow">
        <test-method is-config="true" signature="OneTimeSetUp()[pri:0, instance:tests.EndToEndTests.UserBookingShow@41a0aa7d]" started-at="2026-01-27T08:38:19 IST" name="OneTimeSetUp" finished-at="2026-01-27T08:38:21 IST" duration-ms="1741" status="PASS">
          <reporter-output>
          </reporter-output>
        </test-method> <!-- OneTimeSetUp -->
        <test-method is-config="true" signature="setUp()[pri:0, instance:tests.EndToEndTests.UserBookingShow@41a0aa7d]" started-at="2026-01-27T08:38:21 IST" name="setUp" finished-at="2026-01-27T08:38:27 IST" duration-ms="6225" status="PASS">
          <reporter-output>
          </reporter-output>
        </test-method> <!-- setUp -->
        <test-method signature="bookShow()[pri:1, instance:tests.EndToEndTests.UserBookingShow@41a0aa7d]" started-at="2026-01-27T08:38:27 IST" name="bookShow" finished-at="2026-01-27T08:38:45 IST" duration-ms="17681" status="FAIL">
          <exception class="java.lang.AssertionError">
            <message>
              <![CDATA[The following asserts failed:
Seat Number 12 is not booked correctly expected [true] but found [false],
Seat Number 13 is not booked correctly expected [true] but found [false],
Available Seats not displayed correctly after booking expected [true] but found [false]]]>
            </message>
            <full-stacktrace>
              <![CDATA[java.lang.AssertionError: The following asserts failed:
Seat Number 12 is not booked correctly expected [true] but found [false],
Seat Number 13 is not booked correctly expected [true] but found [false],
Available Seats not displayed correctly after booking expected [true] but found [false]
at org.testng.asserts.SoftAssert.assertAll(SoftAssert.java:46)
at org.testng.asserts.SoftAssert.assertAll(SoftAssert.java:30)
at tests.EndToEndTests.UserBookingShow.bookShow(UserBookingShow.java:106)
at java.base/jdk.internal.reflect.DirectMethodHandleAccessor.invoke(DirectMethodHandleAccessor.java:103)
at java.base/java.lang.reflect.Method.invoke(Method.java:580)
at org.testng.internal.invokers.MethodInvocationHelper.invokeMethod(MethodInvocationHelper.java:139)
at org.testng.internal.invokers.TestInvoker.invokeMethod(TestInvoker.java:664)
at org.testng.internal.invokers.TestInvoker.invokeTestMethod(TestInvoker.java:227)
at org.testng.internal.invokers.MethodRunner.runInSequence(MethodRunner.java:50)
at org.testng.internal.invokers.TestInvoker$MethodInvocationAgent.invoke(TestInvoker.java:957)
at org.testng.internal.invokers.TestInvoker.invokeTestMethods(TestInvoker.java:200)
at org.testng.internal.invokers.TestMethodWorker.invokeTestMethods(TestMethodWorker.java:148)
at org.testng.internal.invokers.TestMethodWorker.run(TestMethodWorker.java:128)
at java.base/java.util.ArrayList.forEach(ArrayList.java:1596)
at org.testng.TestRunner.privateRun(TestRunner.java:848)
at org.testng.TestRunner.run(TestRunner.java:621)
at org.testng.SuiteRunner.runTest(SuiteRunner.java:443)
at org.testng.SuiteRunner.runSequentially(SuiteRunner.java:437)
at org.testng.SuiteRunner.privateRun(SuiteRunner.java:397)
at org.testng.SuiteRunner.run(SuiteRunner.java:336)
at org.testng.SuiteRunnerWorker.runSuite(SuiteRunnerWorker.java:52)
at org.testng.SuiteRunnerWorker.run(SuiteRunnerWorker.java:95)
at org.testng.TestNG.runSuitesSequentially(TestNG.java:1280)
at org.testng.TestNG.runSuitesLocally(TestNG.java:1200)
at org.testng.TestNG.runSuites(TestNG.java:1114)
at org.testng.TestNG.run(TestNG.java:1082)
at org.apache.maven.surefire.testng.TestNGExecutor.run(TestNGExecutor.java:155)
at org.apache.maven.surefire.testng.TestNGDirectoryTestSuite.executeSingleClass(TestNGDirectoryTestSuite.java:102)
at org.apache.maven.surefire.testng.TestNGDirectoryTestSuite.execute(TestNGDirectoryTestSuite.java:91)
at org.apache.maven.surefire.testng.TestNGProvider.invoke(TestNGProvider.java:137)
at org.apache.maven.surefire.booter.ForkedBooter.runSuitesInProcess(ForkedBooter.java:385)
at org.apache.maven.surefire.booter.ForkedBooter.execute(ForkedBooter.java:162)
at org.apache.maven.surefire.booter.ForkedBooter.run(ForkedBooter.java:507)
at org.apache.maven.surefire.booter.ForkedBooter.main(ForkedBooter.java:495)
]]>
            </full-stacktrace>
          </exception> <!-- java.lang.AssertionError -->
          <reporter-output>
          </reporter-output>
        </test-method> <!-- bookShow -->
        <test-method is-config="true" signature="tearDown()[pri:0, instance:tests.EndToEndTests.UserBookingShow@41a0aa7d]" started-at="2026-01-27T08:38:45 IST" name="tearDown" finished-at="2026-01-27T08:38:46 IST" duration-ms="661" status="PASS">
          <reporter-output>
          </reporter-output>
        </test-method> <!-- tearDown -->
        <test-method is-config="true" signature="OneTimeTearDown()[pri:0, instance:tests.EndToEndTests.UserBookingShow@41a0aa7d]" started-at="2026-01-27T08:38:46 IST" name="OneTimeTearDown" finished-at="2026-01-27T08:38:46 IST" duration-ms="261" status="PASS">
          <reporter-output>
          </reporter-output>
        </test-method> <!-- OneTimeTearDown -->
      </class> <!-- tests.EndToEndTests.UserBookingShow -->
    </test> <!-- Surefire test -->
  </suite> <!-- Surefire suite -->
</testng-results>
