<?xml version="1.0" encoding="UTF-8"?>
<testng-results ignored="0" total="7" passed="7" failed="0" skipped="0">
  <reporter-output>
  </reporter-output>
  <suite started-at="2026-02-13T07:43:45 IST" name="Surefire suite" finished-at="2026-02-13T07:44:26 IST" duration-ms="41006">
    <groups>
    </groups>
    <test started-at="2026-02-13T07:43:45 IST" name="Surefire test" finished-at="2026-02-13T07:44:26 IST" duration-ms="41006">
      <class name="tests.ui.SingleMoviePageTests">
        <test-method is-config="true" signature="OneTimeSetUp()[pri:0, instance:tests.ui.SingleMoviePageTests@298a5e20]" started-at="2026-02-13T07:43:45 IST" name="OneTimeSetUp" finished-at="2026-02-13T07:43:52 IST" duration-ms="6787" status="PASS">
          <reporter-output>
          </reporter-output>
        </test-method> <!-- OneTimeSetUp -->
        <test-method is-config="true" signature="beforeClass()[pri:0, instance:tests.ui.SingleMoviePageTests@298a5e20]" started-at="2026-02-13T07:43:52 IST" name="beforeClass" finished-at="2026-02-13T07:44:08 IST" duration-ms="16606" status="PASS">
          <reporter-output>
          </reporter-output>
        </test-method> <!-- beforeClass -->
        <test-method is-config="true" signature="initPages()[pri:0, instance:tests.ui.SingleMoviePageTests@298a5e20]" started-at="2026-02-13T07:44:08 IST" name="initPages" finished-at="2026-02-13T07:44:08 IST" duration-ms="2" status="PASS">
          <reporter-output>
          </reporter-output>
        </test-method> <!-- initPages -->
        <test-method signature="singleMovie()[pri:1, instance:tests.ui.SingleMoviePageTests@298a5e20]" started-at="2026-02-13T07:44:08 IST" name="singleMovie" finished-at="2026-02-13T07:44:13 IST" duration-ms="4756" status="PASS">
          <reporter-output>
          </reporter-output>
        </test-method> <!-- singleMovie -->
        <test-method is-config="true" signature="OneTimeTearDown()[pri:0, instance:tests.ui.SingleMoviePageTests@298a5e20]" started-at="2026-02-13T07:44:13 IST" name="OneTimeTearDown" finished-at="2026-02-13T07:44:13 IST" duration-ms="306" status="PASS">
          <reporter-output>
          </reporter-output>
        </test-method> <!-- OneTimeTearDown -->
      </class> <!-- tests.ui.SingleMoviePageTests -->
      <class name="tests.ui.UserHomePageTests">
        <test-method is-config="true" signature="OneTimeSetUp()[pri:0, instance:tests.ui.UserHomePageTests@2a7f1f10]" started-at="2026-02-13T07:43:45 IST" name="OneTimeSetUp" finished-at="2026-02-13T07:43:52 IST" duration-ms="6871" status="PASS">
          <reporter-output>
          </reporter-output>
        </test-method> <!-- OneTimeSetUp -->
        <test-method is-config="true" signature="setUp()[pri:0, instance:tests.ui.UserHomePageTests@2a7f1f10]" started-at="2026-02-13T07:43:52 IST" name="setUp" finished-at="2026-02-13T07:44:08 IST" duration-ms="16201" status="PASS">
          <reporter-output>
          </reporter-output>
        </test-method> <!-- setUp -->
        <test-method is-config="true" signature="initPages()[pri:0, instance:tests.ui.UserHomePageTests@2a7f1f10]" started-at="2026-02-13T07:44:08 IST" name="initPages" finished-at="2026-02-13T07:44:08 IST" duration-ms="3" status="PASS">
          <reporter-output>
          </reporter-output>
        </test-method> <!-- initPages -->
        <test-method signature="TS01_Validate_userHomePageTest()[pri:1, instance:tests.ui.UserHomePageTests@2a7f1f10]" started-at="2026-02-13T07:44:08 IST" name="TS01_Validate_userHomePageTest" finished-at="2026-02-13T07:44:26 IST" duration-ms="17565" status="PASS">
          <reporter-output>
          </reporter-output>
        </test-method> <!-- TS01_Validate_userHomePageTest -->
        <test-method is-config="true" signature="OneTimeTearDown()[pri:0, instance:tests.ui.UserHomePageTests@2a7f1f10]" started-at="2026-02-13T07:44:26 IST" name="OneTimeTearDown" finished-at="2026-02-13T07:44:26 IST" duration-ms="323" status="PASS">
          <reporter-output>
          </reporter-output>
        </test-method> <!-- OneTimeTearDown -->
      </class> <!-- tests.ui.UserHomePageTests -->
      <class name="tests.ui.AdminHomePageTests">
        <test-method is-config="true" signature="OneTimeSetUp()[pri:0, instance:tests.ui.AdminHomePageTests@3e27aa33]" started-at="2026-02-13T07:43:45 IST" name="OneTimeSetUp" finished-at="2026-02-13T07:43:52 IST" duration-ms="6874" status="PASS">
          <reporter-output>
          </reporter-output>
        </test-method> <!-- OneTimeSetUp -->
        <test-method is-config="true" signature="setUp()[pri:0, instance:tests.ui.AdminHomePageTests@3e27aa33]" started-at="2026-02-13T07:43:52 IST" name="setUp" finished-at="2026-02-13T07:44:00 IST" duration-ms="7673" status="PASS">
          <reporter-output>
          </reporter-output>
        </test-method> <!-- setUp -->
        <test-method is-config="true" signature="initPages()[pri:0, instance:tests.ui.AdminHomePageTests@3e27aa33]" started-at="2026-02-13T07:44:00 IST" name="initPages" finished-at="2026-02-13T07:44:00 IST" duration-ms="6" status="PASS">
          <reporter-output>
          </reporter-output>
        </test-method> <!-- initPages -->
        <test-method signature="TS01_Validate_userHomePageTest()[pri:1, instance:tests.ui.AdminHomePageTests@3e27aa33]" started-at="2026-02-13T07:44:00 IST" name="TS01_Validate_userHomePageTest" finished-at="2026-02-13T07:44:19 IST" duration-ms="19205" status="PASS">
          <reporter-output>
          </reporter-output>
        </test-method> <!-- TS01_Validate_userHomePageTest -->
        <test-method is-config="true" signature="OneTimeTearDown()[pri:0, instance:tests.ui.AdminHomePageTests@3e27aa33]" started-at="2026-02-13T07:44:19 IST" name="OneTimeTearDown" finished-at="2026-02-13T07:44:19 IST" duration-ms="217" status="PASS">
          <reporter-output>
          </reporter-output>
        </test-method> <!-- OneTimeTearDown -->
      </class> <!-- tests.ui.AdminHomePageTests -->
      <class name="tests.ui.LoginPageTests">
        <test-method is-config="true" signature="OneTimeSetUp()[pri:0, instance:tests.ui.LoginPageTests@2e385cce]" started-at="2026-02-13T07:43:45 IST" name="OneTimeSetUp" finished-at="2026-02-13T07:43:52 IST" duration-ms="6867" status="PASS">
          <reporter-output>
          </reporter-output>
        </test-method> <!-- OneTimeSetUp -->
        <test-method is-config="true" signature="initPages()[pri:0, instance:tests.ui.LoginPageTests@2e385cce]" started-at="2026-02-13T07:43:52 IST" name="initPages" finished-at="2026-02-13T07:43:52 IST" duration-ms="35" status="PASS">
          <reporter-output>
          </reporter-output>
        </test-method> <!-- initPages -->
        <test-method signature="TS01_Validate_loginPageTest()[pri:1, instance:tests.ui.LoginPageTests@2e385cce]" started-at="2026-02-13T07:43:53 IST" name="TS01_Validate_loginPageTest" finished-at="2026-02-13T07:44:00 IST" duration-ms="7509" status="PASS">
          <reporter-output>
          </reporter-output>
        </test-method> <!-- TS01_Validate_loginPageTest -->
        <test-method is-config="true" signature="initPages()[pri:0, instance:tests.ui.LoginPageTests@2e385cce]" started-at="2026-02-13T07:44:00 IST" name="initPages" finished-at="2026-02-13T07:44:00 IST" duration-ms="2" status="PASS">
          <reporter-output>
          </reporter-output>
        </test-method> <!-- initPages -->
        <test-method signature="TS02_Validate_registerPageTest()[pri:2, instance:tests.ui.LoginPageTests@2e385cce]" started-at="2026-02-13T07:44:00 IST" name="TS02_Validate_registerPageTest" finished-at="2026-02-13T07:44:02 IST" duration-ms="1894" status="PASS">
          <reporter-output>
          </reporter-output>
        </test-method> <!-- TS02_Validate_registerPageTest -->
        <test-method is-config="true" signature="initPages()[pri:0, instance:tests.ui.LoginPageTests@2e385cce]" started-at="2026-02-13T07:44:02 IST" name="initPages" finished-at="2026-02-13T07:44:02 IST" duration-ms="0" status="PASS">
          <reporter-output>
          </reporter-output>
        </test-method> <!-- initPages -->
        <test-method signature="TS03_Validate_forgetPasswordPageTest()[pri:3, instance:tests.ui.LoginPageTests@2e385cce]" started-at="2026-02-13T07:44:02 IST" name="TS03_Validate_forgetPasswordPageTest" finished-at="2026-02-13T07:44:03 IST" duration-ms="956" status="PASS">
          <reporter-output>
          </reporter-output>
        </test-method> <!-- TS03_Validate_forgetPasswordPageTest -->
        <test-method is-config="true" signature="OneTimeTearDown()[pri:0, instance:tests.ui.LoginPageTests@2e385cce]" started-at="2026-02-13T07:44:03 IST" name="OneTimeTearDown" finished-at="2026-02-13T07:44:03 IST" duration-ms="305" status="PASS">
          <reporter-output>
          </reporter-output>
        </test-method> <!-- OneTimeTearDown -->
      </class> <!-- tests.ui.LoginPageTests -->
      <class name="tests.ui.PartnerHomePageTests">
        <test-method is-config="true" signature="OneTimeSetUp()[pri:0, instance:tests.ui.PartnerHomePageTests@2ddc9a9f]" started-at="2026-02-13T07:43:45 IST" name="OneTimeSetUp" finished-at="2026-02-13T07:43:52 IST" duration-ms="6871" status="PASS">
          <reporter-output>
          </reporter-output>
        </test-method> <!-- OneTimeSetUp -->
        <test-method is-config="true" signature="setUp()[pri:0, instance:tests.ui.PartnerHomePageTests@2ddc9a9f]" started-at="2026-02-13T07:43:52 IST" name="setUp" finished-at="2026-02-13T07:44:01 IST" duration-ms="8961" status="PASS">
          <reporter-output>
          </reporter-output>
        </test-method> <!-- setUp -->
        <test-method is-config="true" signature="initPages()[pri:0, instance:tests.ui.PartnerHomePageTests@2ddc9a9f]" started-at="2026-02-13T07:44:01 IST" name="initPages" finished-at="2026-02-13T07:44:01 IST" duration-ms="4" status="PASS">
          <reporter-output>
          </reporter-output>
        </test-method> <!-- initPages -->
        <test-method signature="TS01_Validate_userHomePageTest()[pri:1, instance:tests.ui.PartnerHomePageTests@2ddc9a9f]" started-at="2026-02-13T07:44:01 IST" name="TS01_Validate_userHomePageTest" finished-at="2026-02-13T07:44:20 IST" duration-ms="18726" status="PASS">
          <reporter-output>
          </reporter-output>
        </test-method> <!-- TS01_Validate_userHomePageTest -->
        <test-method is-config="true" signature="OneTimeTearDown()[pri:0, instance:tests.ui.PartnerHomePageTests@2ddc9a9f]" started-at="2026-02-13T07:44:20 IST" name="OneTimeTearDown" finished-at="2026-02-13T07:44:20 IST" duration-ms="447" status="PASS">
          <reporter-output>
          </reporter-output>
        </test-method> <!-- OneTimeTearDown -->
      </class> <!-- tests.ui.PartnerHomePageTests -->
    </test> <!-- Surefire test -->
  </suite> <!-- Surefire suite -->
</testng-results>
