<?xml version="1.0" encoding="UTF-8"?>
<testng-results ignored="0" total="10" passed="0" failed="10" skipped="0">
  <reporter-output>
  </reporter-output>
  <suite started-at="2026-03-06T08:15:39 IST" name="Suite" finished-at="2026-03-06T08:15:40 IST" duration-ms="409">
    <groups>
      <group name="smoke">
        <method signature="LoginWithDifferentUsersTests.TS01_login(java.lang.String,java.lang.String,java.lang.String,org.openqa.selenium.By)[pri:0, instance:tests.ui.LoginWithDifferentUsersTests@4a8355dd]" name="TS01_login" class="tests.ui.LoginWithDifferentUsersTests"/>
        <method signature="AdminHomePageTests.TS01_Validate_userHomePageTest()[pri:1, instance:tests.ui.AdminHomePageTests@52f27fbd]" name="TS01_Validate_userHomePageTest" class="tests.ui.AdminHomePageTests"/>
        <method signature="LoginPageTests.TS01_Validate_loginPageTest()[pri:1, instance:tests.ui.LoginPageTests@4c163e3]" name="TS01_Validate_loginPageTest" class="tests.ui.LoginPageTests"/>
        <method signature="PartnerHomePageTests.TS01_Validate_userHomePageTest()[pri:1, instance:tests.ui.PartnerHomePageTests@4d0d9fe7]" name="TS01_Validate_userHomePageTest" class="tests.ui.PartnerHomePageTests"/>
        <method signature="SingleMoviePageTests.TS01_singleMovie()[pri:1, instance:tests.ui.SingleMoviePageTests@c430e6c]" name="TS01_singleMovie" class="tests.ui.SingleMoviePageTests"/>
        <method signature="UserHomePageTests.TS01_Validate_userHomePageTest()[pri:1, instance:tests.ui.UserHomePageTests@312aa7c]" name="TS01_Validate_userHomePageTest" class="tests.ui.UserHomePageTests"/>
        <method signature="LoginPageTests.TS02_Validate_registerPageTest()[pri:2, instance:tests.ui.LoginPageTests@4c163e3]" name="TS02_Validate_registerPageTest" class="tests.ui.LoginPageTests"/>
        <method signature="LoginPageTests.TS03_Validate_forgetPasswordPageTest()[pri:3, instance:tests.ui.LoginPageTests@4c163e3]" name="TS03_Validate_forgetPasswordPageTest" class="tests.ui.LoginPageTests"/>
      </group> <!-- smoke -->
    </groups>
    <test started-at="2026-03-06T08:15:39 IST" name="ChromeTest" finished-at="2026-03-06T08:15:40 IST" duration-ms="409">
      <class name="tests.ui.SingleMoviePageTests">
        <test-method signature="TS01_singleMovie()[pri:1, instance:tests.ui.SingleMoviePageTests@c430e6c]" started-at="2026-03-06T08:15:39 IST" name="TS01_singleMovie" finished-at="2026-03-06T08:15:40 IST" duration-ms="187" status="FAIL">
          <exception class="java.lang.NullPointerException">
            <message>
              <![CDATA[Cannot invoke "pages.HomePage.waitForPageToLoad()" because "this.homePage" is null]]>
            </message>
            <full-stacktrace>
              <![CDATA[java.lang.NullPointerException: Cannot invoke "pages.HomePage.waitForPageToLoad()" because "this.homePage" is null
at tests.ui.SingleMoviePageTests.TS01_singleMovie(SingleMoviePageTests.java:28)
at java.base/jdk.internal.reflect.DirectMethodHandleAccessor.invoke(DirectMethodHandleAccessor.java:103)
at java.base/java.lang.reflect.Method.invoke(Method.java:580)
at org.testng.internal.invokers.MethodInvocationHelper.invokeMethod(MethodInvocationHelper.java:139)
at org.testng.internal.invokers.TestInvoker.invokeMethod(TestInvoker.java:664)
at org.testng.internal.invokers.TestInvoker.invokeTestMethod(TestInvoker.java:227)
at org.testng.internal.invokers.MethodRunner.runInSequence(MethodRunner.java:50)
at org.testng.internal.invokers.TestInvoker$MethodInvocationAgent.invoke(TestInvoker.java:957)
at org.testng.internal.invokers.TestInvoker.invokeTestMethods(TestInvoker.java:200)
at org.testng.internal.invokers.TestMethodWorker.invokeTestMethods(TestMethodWorker.java:148)
at org.testng.internal.invokers.TestMethodWorker.run(TestMethodWorker.java:128)
at java.base/java.util.concurrent.ThreadPoolExecutor.runWorker(ThreadPoolExecutor.java:1144)
at java.base/java.util.concurrent.ThreadPoolExecutor$Worker.run(ThreadPoolExecutor.java:642)
at java.base/java.lang.Thread.run(Thread.java:1583)
]]>
            </full-stacktrace>
          </exception> <!-- java.lang.NullPointerException -->
          <reporter-output>
          </reporter-output>
        </test-method> <!-- TS01_singleMovie -->
      </class> <!-- tests.ui.SingleMoviePageTests -->
      <class name="tests.ui.LoginWithDifferentUsersTests">
        <test-method signature="TS01_login(java.lang.String,java.lang.String,java.lang.String,org.openqa.selenium.By)[pri:0, instance:tests.ui.LoginWithDifferentUsersTests@4a8355dd]" started-at="2026-03-06T08:15:39 IST" name="TS01_login" data-provider="login-data-provider" finished-at="2026-03-06T08:15:40 IST" duration-ms="184" status="FAIL">
          <params>
            <param index="0">
              <value>
                <![CDATA[pkUser@gmail.com]]>
              </value>
            </param>
            <param index="1">
              <value>
                <![CDATA[14036]]>
              </value>
            </param>
            <param index="2">
              <value>
                <![CDATA[UserPramod]]>
              </value>
            </param>
            <param index="3">
              <value>
                <![CDATA[By.xpath: //input[@placeholder='Type here to search for movies']]]>
              </value>
            </param>
          </params>
          <exception class="java.lang.Error">
            <message>
              <![CDATA[Unresolved compilation problems: 
driver cannot be resolved
driver cannot be resolved to a variable
]]>
            </message>
            <full-stacktrace>
              <![CDATA[java.lang.Error: Unresolved compilation problems: 
driver cannot be resolved
driver cannot be resolved to a variable

at tests.ui.LoginWithDifferentUsersTests.TS01_login(LoginWithDifferentUsersTests.java:30)
at java.base/jdk.internal.reflect.DirectMethodHandleAccessor.invoke(DirectMethodHandleAccessor.java:103)
at java.base/java.lang.reflect.Method.invoke(Method.java:580)
at org.testng.internal.invokers.MethodInvocationHelper.invokeMethod(MethodInvocationHelper.java:139)
at org.testng.internal.invokers.TestInvoker.invokeMethod(TestInvoker.java:664)
at org.testng.internal.invokers.TestInvoker.invokeTestMethod(TestInvoker.java:227)
at org.testng.internal.invokers.MethodRunner.runInSequence(MethodRunner.java:50)
at org.testng.internal.invokers.TestInvoker$MethodInvocationAgent.invoke(TestInvoker.java:957)
at org.testng.internal.invokers.TestInvoker.invokeTestMethods(TestInvoker.java:200)
at org.testng.internal.invokers.TestMethodWorker.invokeTestMethods(TestMethodWorker.java:148)
at org.testng.internal.invokers.TestMethodWorker.run(TestMethodWorker.java:128)
at java.base/java.util.concurrent.ThreadPoolExecutor.runWorker(ThreadPoolExecutor.java:1144)
at java.base/java.util.concurrent.ThreadPoolExecutor$Worker.run(ThreadPoolExecutor.java:642)
at java.base/java.lang.Thread.run(Thread.java:1583)
]]>
            </full-stacktrace>
          </exception> <!-- java.lang.Error -->
          <reporter-output>
          </reporter-output>
        </test-method> <!-- TS01_login -->
        <test-method signature="TS01_login(java.lang.String,java.lang.String,java.lang.String,org.openqa.selenium.By)[pri:0, instance:tests.ui.LoginWithDifferentUsersTests@4a8355dd]" started-at="2026-03-06T08:15:40 IST" name="TS01_login" data-provider="login-data-provider" finished-at="2026-03-06T08:15:40 IST" duration-ms="4" status="FAIL">
          <params>
            <param index="0">
              <value>
                <![CDATA[pkPartner@gmail.com]]>
              </value>
            </param>
            <param index="1">
              <value>
                <![CDATA[14036]]>
              </value>
            </param>
            <param index="2">
              <value>
                <![CDATA[PartnerPramod]]>
              </value>
            </param>
            <param index="3">
              <value>
                <![CDATA[By.xpath: //*[normalize-space(text())='Add Theatre']/ancestor::button]]>
              </value>
            </param>
          </params>
          <exception class="java.lang.Error">
            <message>
              <![CDATA[Unresolved compilation problems: 
driver cannot be resolved
driver cannot be resolved to a variable
]]>
            </message>
            <full-stacktrace>
              <![CDATA[java.lang.Error: Unresolved compilation problems: 
driver cannot be resolved
driver cannot be resolved to a variable

at tests.ui.LoginWithDifferentUsersTests.TS01_login(LoginWithDifferentUsersTests.java:30)
at java.base/jdk.internal.reflect.DirectMethodHandleAccessor.invoke(DirectMethodHandleAccessor.java:103)
at java.base/java.lang.reflect.Method.invoke(Method.java:580)
at org.testng.internal.invokers.MethodInvocationHelper.invokeMethod(MethodInvocationHelper.java:139)
at org.testng.internal.invokers.TestInvoker.invokeMethod(TestInvoker.java:664)
at org.testng.internal.invokers.TestInvoker.invokeTestMethod(TestInvoker.java:227)
at org.testng.internal.invokers.MethodRunner.runInSequence(MethodRunner.java:50)
at org.testng.internal.invokers.TestInvoker$MethodInvocationAgent.invoke(TestInvoker.java:957)
at org.testng.internal.invokers.TestInvoker.invokeTestMethods(TestInvoker.java:200)
at org.testng.internal.invokers.TestMethodWorker.invokeTestMethods(TestMethodWorker.java:148)
at org.testng.internal.invokers.TestMethodWorker.run(TestMethodWorker.java:128)
at java.base/java.util.concurrent.ThreadPoolExecutor.runWorker(ThreadPoolExecutor.java:1144)
at java.base/java.util.concurrent.ThreadPoolExecutor$Worker.run(ThreadPoolExecutor.java:642)
at java.base/java.lang.Thread.run(Thread.java:1583)
]]>
            </full-stacktrace>
          </exception> <!-- java.lang.Error -->
          <reporter-output>
          </reporter-output>
        </test-method> <!-- TS01_login -->
        <test-method signature="TS01_login(java.lang.String,java.lang.String,java.lang.String,org.openqa.selenium.By)[pri:0, instance:tests.ui.LoginWithDifferentUsersTests@4a8355dd]" started-at="2026-03-06T08:15:40 IST" name="TS01_login" data-provider="login-data-provider" finished-at="2026-03-06T08:15:40 IST" duration-ms="3" status="FAIL">
          <params>
            <param index="0">
              <value>
                <![CDATA[pkAdmin@gmail.com]]>
              </value>
            </param>
            <param index="1">
              <value>
                <![CDATA[14036]]>
              </value>
            </param>
            <param index="2">
              <value>
                <![CDATA[AdminPramod]]>
              </value>
            </param>
            <param index="3">
              <value>
                <![CDATA[By.xpath: //*[normalize-space(text())='Add Movie']/ancestor::button]]>
              </value>
            </param>
          </params>
          <exception class="java.lang.Error">
            <message>
              <![CDATA[Unresolved compilation problems: 
driver cannot be resolved
driver cannot be resolved to a variable
]]>
            </message>
            <full-stacktrace>
              <![CDATA[java.lang.Error: Unresolved compilation problems: 
driver cannot be resolved
driver cannot be resolved to a variable

at tests.ui.LoginWithDifferentUsersTests.TS01_login(LoginWithDifferentUsersTests.java:30)
at java.base/jdk.internal.reflect.DirectMethodHandleAccessor.invoke(DirectMethodHandleAccessor.java:103)
at java.base/java.lang.reflect.Method.invoke(Method.java:580)
at org.testng.internal.invokers.MethodInvocationHelper.invokeMethod(MethodInvocationHelper.java:139)
at org.testng.internal.invokers.TestInvoker.invokeMethod(TestInvoker.java:664)
at org.testng.internal.invokers.TestInvoker.invokeTestMethod(TestInvoker.java:227)
at org.testng.internal.invokers.MethodRunner.runInSequence(MethodRunner.java:50)
at org.testng.internal.invokers.TestInvoker$MethodInvocationAgent.invoke(TestInvoker.java:957)
at org.testng.internal.invokers.TestInvoker.invokeTestMethods(TestInvoker.java:200)
at org.testng.internal.invokers.TestMethodWorker.invokeTestMethods(TestMethodWorker.java:148)
at org.testng.internal.invokers.TestMethodWorker.run(TestMethodWorker.java:128)
at java.base/java.util.concurrent.ThreadPoolExecutor.runWorker(ThreadPoolExecutor.java:1144)
at java.base/java.util.concurrent.ThreadPoolExecutor$Worker.run(ThreadPoolExecutor.java:642)
at java.base/java.lang.Thread.run(Thread.java:1583)
]]>
            </full-stacktrace>
          </exception> <!-- java.lang.Error -->
          <reporter-output>
          </reporter-output>
        </test-method> <!-- TS01_login -->
      </class> <!-- tests.ui.LoginWithDifferentUsersTests -->
      <class name="tests.ui.UserHomePageTests">
        <test-method signature="TS01_Validate_userHomePageTest()[pri:1, instance:tests.ui.UserHomePageTests@312aa7c]" started-at="2026-03-06T08:15:39 IST" name="TS01_Validate_userHomePageTest" finished-at="2026-03-06T08:15:40 IST" duration-ms="185" status="FAIL">
          <exception class="java.lang.Error">
            <message>
              <![CDATA[Unresolved compilation problem: 
driver cannot be resolved to a variable
]]>
            </message>
            <full-stacktrace>
              <![CDATA[java.lang.Error: Unresolved compilation problem: 
driver cannot be resolved to a variable

at tests.ui.UserHomePageTests.TS01_Validate_userHomePageTest(UserHomePageTests.java:32)
at java.base/jdk.internal.reflect.DirectMethodHandleAccessor.invoke(DirectMethodHandleAccessor.java:103)
at java.base/java.lang.reflect.Method.invoke(Method.java:580)
at org.testng.internal.invokers.MethodInvocationHelper.invokeMethod(MethodInvocationHelper.java:139)
at org.testng.internal.invokers.TestInvoker.invokeMethod(TestInvoker.java:664)
at org.testng.internal.invokers.TestInvoker.invokeTestMethod(TestInvoker.java:227)
at org.testng.internal.invokers.MethodRunner.runInSequence(MethodRunner.java:50)
at org.testng.internal.invokers.TestInvoker$MethodInvocationAgent.invoke(TestInvoker.java:957)
at org.testng.internal.invokers.TestInvoker.invokeTestMethods(TestInvoker.java:200)
at org.testng.internal.invokers.TestMethodWorker.invokeTestMethods(TestMethodWorker.java:148)
at org.testng.internal.invokers.TestMethodWorker.run(TestMethodWorker.java:128)
at java.base/java.util.concurrent.ThreadPoolExecutor.runWorker(ThreadPoolExecutor.java:1144)
at java.base/java.util.concurrent.ThreadPoolExecutor$Worker.run(ThreadPoolExecutor.java:642)
at java.base/java.lang.Thread.run(Thread.java:1583)
]]>
            </full-stacktrace>
          </exception> <!-- java.lang.Error -->
          <reporter-output>
          </reporter-output>
        </test-method> <!-- TS01_Validate_userHomePageTest -->
      </class> <!-- tests.ui.UserHomePageTests -->
      <class name="tests.ui.AdminHomePageTests">
        <test-method signature="TS01_Validate_userHomePageTest()[pri:1, instance:tests.ui.AdminHomePageTests@52f27fbd]" started-at="2026-03-06T08:15:39 IST" name="TS01_Validate_userHomePageTest" finished-at="2026-03-06T08:15:40 IST" duration-ms="185" status="FAIL">
          <exception class="java.lang.Error">
            <message>
              <![CDATA[Unresolved compilation problem: 
driver cannot be resolved to a variable
]]>
            </message>
            <full-stacktrace>
              <![CDATA[java.lang.Error: Unresolved compilation problem: 
driver cannot be resolved to a variable

at tests.ui.AdminHomePageTests.TS01_Validate_userHomePageTest(AdminHomePageTests.java:30)
at java.base/jdk.internal.reflect.DirectMethodHandleAccessor.invoke(DirectMethodHandleAccessor.java:103)
at java.base/java.lang.reflect.Method.invoke(Method.java:580)
at org.testng.internal.invokers.MethodInvocationHelper.invokeMethod(MethodInvocationHelper.java:139)
at org.testng.internal.invokers.TestInvoker.invokeMethod(TestInvoker.java:664)
at org.testng.internal.invokers.TestInvoker.invokeTestMethod(TestInvoker.java:227)
at org.testng.internal.invokers.MethodRunner.runInSequence(MethodRunner.java:50)
at org.testng.internal.invokers.TestInvoker$MethodInvocationAgent.invoke(TestInvoker.java:957)
at org.testng.internal.invokers.TestInvoker.invokeTestMethods(TestInvoker.java:200)
at org.testng.internal.invokers.TestMethodWorker.invokeTestMethods(TestMethodWorker.java:148)
at org.testng.internal.invokers.TestMethodWorker.run(TestMethodWorker.java:128)
at java.base/java.util.concurrent.ThreadPoolExecutor.runWorker(ThreadPoolExecutor.java:1144)
at java.base/java.util.concurrent.ThreadPoolExecutor$Worker.run(ThreadPoolExecutor.java:642)
at java.base/java.lang.Thread.run(Thread.java:1583)
]]>
            </full-stacktrace>
          </exception> <!-- java.lang.Error -->
          <reporter-output>
          </reporter-output>
        </test-method> <!-- TS01_Validate_userHomePageTest -->
      </class> <!-- tests.ui.AdminHomePageTests -->
      <class name="tests.ui.LoginPageTests">
        <test-method signature="TS01_Validate_loginPageTest()[pri:1, instance:tests.ui.LoginPageTests@4c163e3]" started-at="2026-03-06T08:15:39 IST" name="TS01_Validate_loginPageTest" finished-at="2026-03-06T08:15:40 IST" duration-ms="185" status="FAIL">
          <exception class="java.lang.Error">
            <message>
              <![CDATA[Unresolved compilation problem: 
driver cannot be resolved
]]>
            </message>
            <full-stacktrace>
              <![CDATA[java.lang.Error: Unresolved compilation problem: 
driver cannot be resolved

at tests.ui.LoginPageTests.TS01_Validate_loginPageTest(LoginPageTests.java:26)
at java.base/jdk.internal.reflect.DirectMethodHandleAccessor.invoke(DirectMethodHandleAccessor.java:103)
at java.base/java.lang.reflect.Method.invoke(Method.java:580)
at org.testng.internal.invokers.MethodInvocationHelper.invokeMethod(MethodInvocationHelper.java:139)
at org.testng.internal.invokers.TestInvoker.invokeMethod(TestInvoker.java:664)
at org.testng.internal.invokers.TestInvoker.invokeTestMethod(TestInvoker.java:227)
at org.testng.internal.invokers.MethodRunner.runInSequence(MethodRunner.java:50)
at org.testng.internal.invokers.TestInvoker$MethodInvocationAgent.invoke(TestInvoker.java:957)
at org.testng.internal.invokers.TestInvoker.invokeTestMethods(TestInvoker.java:200)
at org.testng.internal.invokers.TestMethodWorker.invokeTestMethods(TestMethodWorker.java:148)
at org.testng.internal.invokers.TestMethodWorker.run(TestMethodWorker.java:128)
at java.base/java.util.concurrent.ThreadPoolExecutor.runWorker(ThreadPoolExecutor.java:1144)
at java.base/java.util.concurrent.ThreadPoolExecutor$Worker.run(ThreadPoolExecutor.java:642)
at java.base/java.lang.Thread.run(Thread.java:1583)
]]>
            </full-stacktrace>
          </exception> <!-- java.lang.Error -->
          <reporter-output>
          </reporter-output>
        </test-method> <!-- TS01_Validate_loginPageTest -->
        <test-method signature="TS02_Validate_registerPageTest()[pri:2, instance:tests.ui.LoginPageTests@4c163e3]" started-at="2026-03-06T08:15:40 IST" name="TS02_Validate_registerPageTest" finished-at="2026-03-06T08:15:40 IST" duration-ms="3" status="FAIL">
          <exception class="java.lang.Error">
            <message>
              <![CDATA[Unresolved compilation problem: 
driver cannot be resolved
]]>
            </message>
            <full-stacktrace>
              <![CDATA[java.lang.Error: Unresolved compilation problem: 
driver cannot be resolved

at tests.ui.LoginPageTests.TS02_Validate_registerPageTest(LoginPageTests.java:56)
at java.base/jdk.internal.reflect.DirectMethodHandleAccessor.invoke(DirectMethodHandleAccessor.java:103)
at java.base/java.lang.reflect.Method.invoke(Method.java:580)
at org.testng.internal.invokers.MethodInvocationHelper.invokeMethod(MethodInvocationHelper.java:139)
at org.testng.internal.invokers.TestInvoker.invokeMethod(TestInvoker.java:664)
at org.testng.internal.invokers.TestInvoker.invokeTestMethod(TestInvoker.java:227)
at org.testng.internal.invokers.MethodRunner.runInSequence(MethodRunner.java:50)
at org.testng.internal.invokers.TestInvoker$MethodInvocationAgent.invoke(TestInvoker.java:957)
at org.testng.internal.invokers.TestInvoker.invokeTestMethods(TestInvoker.java:200)
at org.testng.internal.invokers.TestMethodWorker.invokeTestMethods(TestMethodWorker.java:148)
at org.testng.internal.invokers.TestMethodWorker.run(TestMethodWorker.java:128)
at java.base/java.util.concurrent.ThreadPoolExecutor.runWorker(ThreadPoolExecutor.java:1144)
at java.base/java.util.concurrent.ThreadPoolExecutor$Worker.run(ThreadPoolExecutor.java:642)
at java.base/java.lang.Thread.run(Thread.java:1583)
]]>
            </full-stacktrace>
          </exception> <!-- java.lang.Error -->
          <reporter-output>
          </reporter-output>
        </test-method> <!-- TS02_Validate_registerPageTest -->
        <test-method signature="TS03_Validate_forgetPasswordPageTest()[pri:3, instance:tests.ui.LoginPageTests@4c163e3]" started-at="2026-03-06T08:15:40 IST" name="TS03_Validate_forgetPasswordPageTest" finished-at="2026-03-06T08:15:40 IST" duration-ms="3" status="FAIL">
          <exception class="java.lang.Error">
            <message>
              <![CDATA[Unresolved compilation problem: 
driver cannot be resolved
]]>
            </message>
            <full-stacktrace>
              <![CDATA[java.lang.Error: Unresolved compilation problem: 
driver cannot be resolved

at tests.ui.LoginPageTests.TS03_Validate_forgetPasswordPageTest(LoginPageTests.java:84)
at java.base/jdk.internal.reflect.DirectMethodHandleAccessor.invoke(DirectMethodHandleAccessor.java:103)
at java.base/java.lang.reflect.Method.invoke(Method.java:580)
at org.testng.internal.invokers.MethodInvocationHelper.invokeMethod(MethodInvocationHelper.java:139)
at org.testng.internal.invokers.TestInvoker.invokeMethod(TestInvoker.java:664)
at org.testng.internal.invokers.TestInvoker.invokeTestMethod(TestInvoker.java:227)
at org.testng.internal.invokers.MethodRunner.runInSequence(MethodRunner.java:50)
at org.testng.internal.invokers.TestInvoker$MethodInvocationAgent.invoke(TestInvoker.java:957)
at org.testng.internal.invokers.TestInvoker.invokeTestMethods(TestInvoker.java:200)
at org.testng.internal.invokers.TestMethodWorker.invokeTestMethods(TestMethodWorker.java:148)
at org.testng.internal.invokers.TestMethodWorker.run(TestMethodWorker.java:128)
at java.base/java.util.concurrent.ThreadPoolExecutor.runWorker(ThreadPoolExecutor.java:1144)
at java.base/java.util.concurrent.ThreadPoolExecutor$Worker.run(ThreadPoolExecutor.java:642)
at java.base/java.lang.Thread.run(Thread.java:1583)
]]>
            </full-stacktrace>
          </exception> <!-- java.lang.Error -->
          <reporter-output>
          </reporter-output>
        </test-method> <!-- TS03_Validate_forgetPasswordPageTest -->
      </class> <!-- tests.ui.LoginPageTests -->
      <class name="tests.ui.PartnerHomePageTests">
        <test-method signature="TS01_Validate_userHomePageTest()[pri:1, instance:tests.ui.PartnerHomePageTests@4d0d9fe7]" started-at="2026-03-06T08:15:39 IST" name="TS01_Validate_userHomePageTest" finished-at="2026-03-06T08:15:40 IST" duration-ms="185" status="FAIL">
          <exception class="java.lang.Error">
            <message>
              <![CDATA[Unresolved compilation problem: 
driver cannot be resolved to a variable
]]>
            </message>
            <full-stacktrace>
              <![CDATA[java.lang.Error: Unresolved compilation problem: 
driver cannot be resolved to a variable

at tests.ui.PartnerHomePageTests.TS01_Validate_userHomePageTest(PartnerHomePageTests.java:30)
at java.base/jdk.internal.reflect.DirectMethodHandleAccessor.invoke(DirectMethodHandleAccessor.java:103)
at java.base/java.lang.reflect.Method.invoke(Method.java:580)
at org.testng.internal.invokers.MethodInvocationHelper.invokeMethod(MethodInvocationHelper.java:139)
at org.testng.internal.invokers.TestInvoker.invokeMethod(TestInvoker.java:664)
at org.testng.internal.invokers.TestInvoker.invokeTestMethod(TestInvoker.java:227)
at org.testng.internal.invokers.MethodRunner.runInSequence(MethodRunner.java:50)
at org.testng.internal.invokers.TestInvoker$MethodInvocationAgent.invoke(TestInvoker.java:957)
at org.testng.internal.invokers.TestInvoker.invokeTestMethods(TestInvoker.java:200)
at org.testng.internal.invokers.TestMethodWorker.invokeTestMethods(TestMethodWorker.java:148)
at org.testng.internal.invokers.TestMethodWorker.run(TestMethodWorker.java:128)
at java.base/java.util.concurrent.ThreadPoolExecutor.runWorker(ThreadPoolExecutor.java:1144)
at java.base/java.util.concurrent.ThreadPoolExecutor$Worker.run(ThreadPoolExecutor.java:642)
at java.base/java.lang.Thread.run(Thread.java:1583)
]]>
            </full-stacktrace>
          </exception> <!-- java.lang.Error -->
          <reporter-output>
          </reporter-output>
        </test-method> <!-- TS01_Validate_userHomePageTest -->
      </class> <!-- tests.ui.PartnerHomePageTests -->
    </test> <!-- ChromeTest -->
  </suite> <!-- Suite -->
</testng-results>
