<?xml version="1.0" encoding="UTF-8"?>
<testng-results ignored="0" total="1" passed="1" failed="0" skipped="0">
  <reporter-output>
  </reporter-output>
  <suite started-at="2025-12-19T08:20:45 IST" name="Surefire suite" finished-at="2025-12-19T08:21:05 IST" duration-ms="19961">
    <groups>
    </groups>
    <test started-at="2025-12-19T08:20:45 IST" name="Surefire test" finished-at="2025-12-19T08:21:05 IST" duration-ms="19961">
      <class name="tests.PartnerHomePageTest">
        <test-method is-config="true" signature="OneTimeSetUp()[pri:0, instance:tests.PartnerHomePageTest@60bd273d]" started-at="2025-12-19T08:20:45 IST" name="OneTimeSetUp" finished-at="2025-12-19T08:20:47 IST" duration-ms="2293" status="PASS">
          <reporter-output>
          </reporter-output>
        </test-method> <!-- OneTimeSetUp -->
        <test-method is-config="true" signature="setUp()[pri:0, instance:tests.PartnerHomePageTest@60bd273d]" started-at="2025-12-19T08:20:47 IST" name="setUp" finished-at="2025-12-19T08:20:50 IST" duration-ms="2548" status="PASS">
          <reporter-output>
          </reporter-output>
        </test-method> <!-- setUp -->
        <test-method is-config="true" signature="initPages()[pri:0, instance:tests.PartnerHomePageTest@60bd273d]" started-at="2025-12-19T08:20:50 IST" name="initPages" finished-at="2025-12-19T08:20:50 IST" duration-ms="5" status="PASS">
          <reporter-output>
          </reporter-output>
        </test-method> <!-- initPages -->
        <test-method signature="TS01_Validate_userHomePageTest()[pri:1, instance:tests.PartnerHomePageTest@60bd273d]" started-at="2025-12-19T08:20:50 IST" name="TS01_Validate_userHomePageTest" finished-at="2025-12-19T08:21:04 IST" duration-ms="14426" status="PASS">
          <reporter-output>
          </reporter-output>
        </test-method> <!-- TS01_Validate_userHomePageTest -->
        <test-method is-config="true" signature="OneTimeTearDown()[pri:0, instance:tests.PartnerHomePageTest@60bd273d]" started-at="2025-12-19T08:21:04 IST" name="OneTimeTearDown" finished-at="2025-12-19T08:21:05 IST" duration-ms="347" status="PASS">
          <reporter-output>
          </reporter-output>
        </test-method> <!-- OneTimeTearDown -->
      </class> <!-- tests.PartnerHomePageTest -->
    </test> <!-- Surefire test -->
  </suite> <!-- Surefire suite -->
</testng-results>
