<?xml version="1.0" encoding="UTF-8"?>
<testng-results ignored="0" total="1" passed="1" failed="0" skipped="0">
  <reporter-output>
  </reporter-output>
  <suite started-at="2026-01-28T08:25:36 IST" name="Surefire suite" finished-at="2026-01-28T08:26:13 IST" duration-ms="37095">
    <groups>
    </groups>
    <test started-at="2026-01-28T08:25:36 IST" name="Surefire test" finished-at="2026-01-28T08:26:13 IST" duration-ms="37095">
      <class name="tests.EndToEndTests.UserBookingShow">
        <test-method is-config="true" signature="OneTimeSetUp()[pri:0, instance:tests.EndToEndTests.UserBookingShow@41a0aa7d]" started-at="2026-01-28T08:25:36 IST" name="OneTimeSetUp" finished-at="2026-01-28T08:25:37 IST" duration-ms="1625" status="PASS">
          <reporter-output>
          </reporter-output>
        </test-method> <!-- OneTimeSetUp -->
        <test-method is-config="true" signature="setUp()[pri:0, instance:tests.EndToEndTests.UserBookingShow@41a0aa7d]" started-at="2026-01-28T08:25:37 IST" name="setUp" finished-at="2026-01-28T08:25:45 IST" duration-ms="7761" status="PASS">
          <reporter-output>
          </reporter-output>
        </test-method> <!-- setUp -->
        <test-method signature="bookShow()[pri:1, instance:tests.EndToEndTests.UserBookingShow@41a0aa7d]" started-at="2026-01-28T08:25:45 IST" name="bookShow" finished-at="2026-01-28T08:26:12 IST" duration-ms="26674" status="PASS">
          <reporter-output>
          </reporter-output>
        </test-method> <!-- bookShow -->
        <test-method is-config="true" signature="tearDown()[pri:0, instance:tests.EndToEndTests.UserBookingShow@41a0aa7d]" started-at="2026-01-28T08:26:12 IST" name="tearDown" finished-at="2026-01-28T08:26:13 IST" duration-ms="595" status="PASS">
          <reporter-output>
          </reporter-output>
        </test-method> <!-- tearDown -->
        <test-method is-config="true" signature="OneTimeTearDown()[pri:0, instance:tests.EndToEndTests.UserBookingShow@41a0aa7d]" started-at="2026-01-28T08:26:13 IST" name="OneTimeTearDown" finished-at="2026-01-28T08:26:13 IST" duration-ms="293" status="PASS">
          <reporter-output>
          </reporter-output>
        </test-method> <!-- OneTimeTearDown -->
      </class> <!-- tests.EndToEndTests.UserBookingShow -->
    </test> <!-- Surefire test -->
  </suite> <!-- Surefire suite -->
</testng-results>
