<?xml version="1.0" encoding="UTF-8"?>
<testng-results ignored="0" total="3" passed="3" failed="0" skipped="0">
  <reporter-output>
  </reporter-output>
  <suite started-at="2025-12-13T20:41:37 IST" name="Surefire suite" finished-at="2025-12-13T20:41:52 IST" duration-ms="14644">
    <groups>
    </groups>
    <test started-at="2025-12-13T20:41:37 IST" name="Surefire test" finished-at="2025-12-13T20:41:52 IST" duration-ms="14644">
      <class name="com.selenium.demo.BMSProject.LoginPageTest">
        <test-method is-config="true" signature="oneTimeSetUp()[pri:0, instance:com.selenium.demo.BMSProject.LoginPageTest@647fd8ce]" started-at="2025-12-13T20:41:37 IST" name="oneTimeSetUp" finished-at="2025-12-13T20:41:46 IST" duration-ms="8483" status="PASS">
          <reporter-output>
          </reporter-output>
        </test-method> <!-- oneTimeSetUp -->
        <test-method signature="loginPageTest()[pri:1, instance:com.selenium.demo.BMSProject.LoginPageTest@647fd8ce]" started-at="2025-12-13T20:41:46 IST" name="loginPageTest" finished-at="2025-12-13T20:41:50 IST" duration-ms="4321" status="PASS">
          <reporter-output>
          </reporter-output>
        </test-method> <!-- loginPageTest -->
        <test-method signature="registerPageTest()[pri:2, instance:com.selenium.demo.BMSProject.LoginPageTest@647fd8ce]" started-at="2025-12-13T20:41:50 IST" name="registerPageTest" finished-at="2025-12-13T20:41:51 IST" duration-ms="947" status="PASS">
          <reporter-output>
          </reporter-output>
        </test-method> <!-- registerPageTest -->
        <test-method signature="forgetPasswordPageTest()[pri:3, instance:com.selenium.demo.BMSProject.LoginPageTest@647fd8ce]" started-at="2025-12-13T20:41:51 IST" name="forgetPasswordPageTest" finished-at="2025-12-13T20:41:52 IST" duration-ms="663" status="PASS">
          <reporter-output>
          </reporter-output>
        </test-method> <!-- forgetPasswordPageTest -->
        <test-method is-config="true" signature="tearDown()[pri:0, instance:com.selenium.demo.BMSProject.LoginPageTest@647fd8ce]" started-at="2025-12-13T20:41:52 IST" name="tearDown" finished-at="2025-12-13T20:41:52 IST" duration-ms="181" status="PASS">
          <reporter-output>
          </reporter-output>
        </test-method> <!-- tearDown -->
      </class> <!-- com.selenium.demo.BMSProject.LoginPageTest -->
    </test> <!-- Surefire test -->
  </suite> <!-- Surefire suite -->
</testng-results>
