<?xml version="1.0" encoding="UTF-8"?>
<!-- Generated by org.testng.reporters.JUnitXMLReporter -->
<testsuite ignored="0" hostname="PramodKumar" failures="0" tests="25" name="API Tests" time="54.279" errors="0" timestamp="2026-04-23T15:25:12 IST">
  <testcase classname="tests.api.ShowApiTests" name="@AfterMethod cleanup" time="0.002">
    <failure type="java.lang.IllegalStateException" message="state should be: open">
      <![CDATA[java.lang.IllegalStateException: state should be: open
at com.mongodb.assertions.Assertions.isTrue(Assertions.java:109)
at com.mongodb.internal.connection.BaseCluster.selectServer(BaseCluster.java:103)
at com.mongodb.internal.connection.AbstractMultiServerCluster.selectServer(AbstractMultiServerCluster.java:54)
at com.mongodb.internal.binding.ClusterBinding.getWriteConnectionSource(ClusterBinding.java:134)
at com.mongodb.client.internal.ClientSessionBinding.getConnectionSource(ClientSessionBinding.java:128)
at com.mongodb.client.internal.ClientSessionBinding.getWriteConnectionSource(ClientSessionBinding.java:102)
at com.mongodb.internal.operation.SyncOperationHelper.withSuppliedResource(SyncOperationHelper.java:144)
at com.mongodb.internal.operation.SyncOperationHelper.withSourceAndConnection(SyncOperationHelper.java:125)
at com.mongodb.internal.operation.MixedBulkWriteOperation.lambda$execute$3(MixedBulkWriteOperation.java:188)
at com.mongodb.internal.operation.MixedBulkWriteOperation.lambda$decorateWriteWithRetries$0(MixedBulkWriteOperation.java:146)
at com.mongodb.internal.async.function.RetryingSyncSupplier.get(RetryingSyncSupplier.java:67)
at com.mongodb.internal.operation.MixedBulkWriteOperation.execute(MixedBulkWriteOperation.java:207)
at com.mongodb.internal.operation.MixedBulkWriteOperation.execute(MixedBulkWriteOperation.java:77)
at com.mongodb.client.internal.MongoClientDelegate$DelegateOperationExecutor.execute(MongoClientDelegate.java:173)
at com.mongodb.client.internal.MongoCollectionImpl.executeSingleWriteRequest(MongoCollectionImpl.java:1085)
at com.mongodb.client.internal.MongoCollectionImpl.executeDelete(MongoCollectionImpl.java:1058)
at com.mongodb.client.internal.MongoCollectionImpl.deleteOne(MongoCollectionImpl.java:516)
at com.mongodb.client.internal.MongoCollectionImpl.deleteOne(MongoCollectionImpl.java:511)
at data.MongoHelper.deleteOne(MongoHelper.java:62)
at tests.api.ShowApiTests.cleanup(ShowApiTests.java:54)
at java.base/jdk.internal.reflect.DirectMethodHandleAccessor.invoke(DirectMethodHandleAccessor.java:103)
at java.base/java.lang.reflect.Method.invoke(Method.java:580)
at org.testng.internal.invokers.MethodInvocationHelper.invokeMethod(MethodInvocationHelper.java:139)
at org.testng.internal.invokers.MethodInvocationHelper.invokeMethodConsideringTimeout(MethodInvocationHelper.java:69)
at org.testng.internal.invokers.ConfigInvoker.invokeConfigurationMethod(ConfigInvoker.java:390)
at org.testng.internal.invokers.ConfigInvoker.invokeConfigurations(ConfigInvoker.java:325)
at org.testng.internal.invokers.TestInvoker.runConfigMethods(TestInvoker.java:810)
at org.testng.internal.invokers.TestInvoker.runAfterConfigurations(TestInvoker.java:779)
at org.testng.internal.invokers.TestInvoker.invokeMethod(TestInvoker.java:755)
at org.testng.internal.invokers.TestInvoker.invokeTestMethod(TestInvoker.java:227)
at org.testng.internal.invokers.MethodRunner.runInSequence(MethodRunner.java:50)
at org.testng.internal.invokers.TestInvoker$MethodInvocationAgent.invoke(TestInvoker.java:957)
at org.testng.internal.invokers.TestInvoker.invokeTestMethods(TestInvoker.java:200)
at org.testng.internal.invokers.TestMethodWorker.invokeTestMethods(TestMethodWorker.java:148)
at org.testng.internal.invokers.TestMethodWorker.run(TestMethodWorker.java:128)
at java.base/java.util.concurrent.ThreadPoolExecutor.runWorker(ThreadPoolExecutor.java:1144)
at java.base/java.util.concurrent.ThreadPoolExecutor$Worker.run(ThreadPoolExecutor.java:642)
at java.base/java.lang.Thread.run(Thread.java:1583)
]]>
    </failure>
  </testcase> <!-- @AfterMethod cleanup -->
  <testcase classname="tests.api.BookApiTests" name="@AfterMethod cleanup" time="0.001">
    <failure type="java.lang.IllegalStateException" message="state should be: open">
      <![CDATA[java.lang.IllegalStateException: state should be: open
at com.mongodb.assertions.Assertions.isTrue(Assertions.java:109)
at com.mongodb.internal.connection.BaseCluster.selectServer(BaseCluster.java:103)
at com.mongodb.internal.connection.AbstractMultiServerCluster.selectServer(AbstractMultiServerCluster.java:54)
at com.mongodb.internal.binding.ClusterBinding.getWriteConnectionSource(ClusterBinding.java:134)
at com.mongodb.client.internal.ClientSessionBinding.getConnectionSource(ClientSessionBinding.java:128)
at com.mongodb.client.internal.ClientSessionBinding.getWriteConnectionSource(ClientSessionBinding.java:102)
at com.mongodb.internal.operation.SyncOperationHelper.withSuppliedResource(SyncOperationHelper.java:144)
at com.mongodb.internal.operation.SyncOperationHelper.withSourceAndConnection(SyncOperationHelper.java:125)
at com.mongodb.internal.operation.MixedBulkWriteOperation.lambda$execute$3(MixedBulkWriteOperation.java:188)
at com.mongodb.internal.operation.MixedBulkWriteOperation.lambda$decorateWriteWithRetries$0(MixedBulkWriteOperation.java:146)
at com.mongodb.internal.async.function.RetryingSyncSupplier.get(RetryingSyncSupplier.java:67)
at com.mongodb.internal.operation.MixedBulkWriteOperation.execute(MixedBulkWriteOperation.java:207)
at com.mongodb.internal.operation.MixedBulkWriteOperation.execute(MixedBulkWriteOperation.java:77)
at com.mongodb.client.internal.MongoClientDelegate$DelegateOperationExecutor.execute(MongoClientDelegate.java:173)
at com.mongodb.client.internal.MongoCollectionImpl.executeSingleWriteRequest(MongoCollectionImpl.java:1085)
at com.mongodb.client.internal.MongoCollectionImpl.executeDelete(MongoCollectionImpl.java:1058)
at com.mongodb.client.internal.MongoCollectionImpl.deleteMany(MongoCollectionImpl.java:537)
at com.mongodb.client.internal.MongoCollectionImpl.deleteMany(MongoCollectionImpl.java:532)
at data.MongoHelper.deleteAll(MongoHelper.java:18)
at tests.api.BookApiTests.cleanup(BookApiTests.java:57)
at java.base/jdk.internal.reflect.DirectMethodHandleAccessor.invoke(DirectMethodHandleAccessor.java:103)
at java.base/java.lang.reflect.Method.invoke(Method.java:580)
at org.testng.internal.invokers.MethodInvocationHelper.invokeMethod(MethodInvocationHelper.java:139)
at org.testng.internal.invokers.MethodInvocationHelper.invokeMethodConsideringTimeout(MethodInvocationHelper.java:69)
at org.testng.internal.invokers.ConfigInvoker.invokeConfigurationMethod(ConfigInvoker.java:390)
at org.testng.internal.invokers.ConfigInvoker.invokeConfigurations(ConfigInvoker.java:325)
at org.testng.internal.invokers.TestInvoker.runConfigMethods(TestInvoker.java:810)
at org.testng.internal.invokers.TestInvoker.runAfterConfigurations(TestInvoker.java:779)
at org.testng.internal.invokers.TestInvoker.invokeMethod(TestInvoker.java:755)
at org.testng.internal.invokers.TestInvoker.invokeTestMethod(TestInvoker.java:227)
at org.testng.internal.invokers.MethodRunner.runInSequence(MethodRunner.java:50)
at org.testng.internal.invokers.TestInvoker$MethodInvocationAgent.invoke(TestInvoker.java:957)
at org.testng.internal.invokers.TestInvoker.invokeTestMethods(TestInvoker.java:200)
at org.testng.internal.invokers.TestMethodWorker.invokeTestMethods(TestMethodWorker.java:148)
at org.testng.internal.invokers.TestMethodWorker.run(TestMethodWorker.java:128)
at java.base/java.util.concurrent.ThreadPoolExecutor.runWorker(ThreadPoolExecutor.java:1144)
at java.base/java.util.concurrent.ThreadPoolExecutor$Worker.run(ThreadPoolExecutor.java:642)
at java.base/java.lang.Thread.run(Thread.java:1583)
]]>
    </failure>
  </testcase> <!-- @AfterMethod cleanup -->
  <testcase classname="tests.api.ShowApiTests" name="@AfterMethod cleanup" time="0.0">
    <skipped/>
  </testcase> <!-- @AfterMethod cleanup -->
  <testcase classname="tests.api.BookApiTests" name="@AfterMethod cleanup" time="0.0">
    <skipped/>
  </testcase> <!-- @AfterMethod cleanup -->
  <testcase classname="tests.api.AuthApiTests" name="shouldDecodeJWTPayload_whenBase64Decoded" time="25.441"/>
  <testcase classname="tests.api.AuthApiTests" name="shouldHaveValidJWTStructure_whenLoginSuccessful" time="1.29"/>
  <testcase classname="tests.api.MovieApiTests" name="shouldPersistMovieInDB_whenValidAdminAddsNewMovie" time="27.326"/>
  <testcase classname="tests.api.AuthApiTests" name="shouldHaveValidTokenExpiry_whenLoginSuccessful" time="1.506"/>
  <testcase classname="tests.api.AuthApiTests" name="shouldLoginSuccessfully_whenValidCredentialsProvided" time="1.205"/>
  <testcase classname="tests.api.MovieApiTests" name="shouldReflectUpdatedFieldsInResponseAndDB_whenExistingMovieIsModified" time="1.613"/>
  <testcase classname="tests.api.AuthApiTests" name="shouldRegisterSuccessfully_whenValidDetailsProvided" time="1.56"/>
  <testcase classname="tests.api.MovieApiTests" name="shouldRemoveTheatreFromDB_whenValidMovieIdIsDeleted" time="1.527"/>
  <testcase classname="tests.api.AuthApiTests" name="shouldReturn200_whenForgetPasswordWithInvalidEmail" time="0.824"/>
  <testcase classname="tests.api.BookApiTests" name="shouldBookShow_whenValidPaymentAndShowDetailsAreProvided" time="30.234"/>
  <testcase classname="tests.api.AuthApiTests" name="shouldReturn200_whenForgetPasswordWithValidEmail" time="1.347"/>
  <testcase classname="tests.api.AuthApiTests" name="shouldReturn200_whenLoginWithValidUser" time="0.683">
    <skipped/>
  </testcase> <!-- shouldReturn200_whenLoginWithValidUser -->
  <testcase classname="tests.api.AuthApiTests" name="shouldReturn200_whenLoginWithValidUser" time="0.836">
    <skipped/>
  </testcase> <!-- shouldReturn200_whenLoginWithValidUser -->
  <testcase classname="tests.api.MovieApiTests" name="shouldReturnMovieInGlobalList_whenFetchingAllMovies" time="4.73"/>
  <testcase classname="tests.api.ShowApiTests" name="shouldPersistShowInDB_whenValidShowIsAdded" time="0.738"/>
  <testcase classname="tests.api.MovieApiTests" name="shouldReturnMovieInMoviesList_whenFilteredByMovieId" time="1.416"/>
  <testcase classname="tests.api.ShowApiTests" name="shouldReflectUpdatedFieldsInResponseAndDB_whenExistingShowIsModified" time="1.45">
    <skipped/>
  </testcase> <!-- shouldReflectUpdatedFieldsInResponseAndDB_whenExistingShowIsModified -->
  <testcase classname="tests.api.BookApiTests" name="shouldReturnBookingInList_whenFetchingAllBookings" time="6.067">
    <skipped/>
  </testcase> <!-- shouldReturnBookingInList_whenFetchingAllBookings -->
  <testcase classname="tests.api.TheatreApiTests" name="shouldPersistTheatreInDB_whenValidPartnerAddsNewTheatre" time="1.928"/>
  <testcase classname="tests.api.ShowApiTests" name="shouldReflectUpdatedFieldsInResponseAndDB_whenExistingShowIsModified" time="1.995">
    <skipped/>
  </testcase> <!-- shouldReflectUpdatedFieldsInResponseAndDB_whenExistingShowIsModified -->
  <testcase classname="tests.api.TheatreApiTests" name="shouldReflectUpdatedFieldsInResponseAndDB_whenExistingTheatreIsModified" time="2.366"/>
  <testcase classname="tests.api.TheatreApiTests" name="shouldRemoveTheatreFromDB_whenValidTheatreIdIsDeleted" time="2.223"/>
  <testcase classname="tests.api.BookApiTests" name="shouldReturnBookingInList_whenFetchingAllBookings" time="7.075">
    <skipped/>
  </testcase> <!-- shouldReturnBookingInList_whenFetchingAllBookings -->
  <testcase classname="tests.api.TheatreApiTests" name="shouldReturnTheatreInGlobalList_whenFetchingAllTheatres" time="2.467"/>
  <testcase classname="tests.api.TheatreApiTests" name="shouldReturnTheatreInOwnerList_whenFilteredByOwnerId" time="2.354"/>
</testsuite> <!-- API Tests -->
