<?xml version="1.0" encoding="UTF-8"?>
<!-- Generated by org.testng.reporters.JUnitXMLReporter -->
<testsuite ignored="0" hostname="PramodKumar" failures="0" tests="10" name="UI Functional Tests" time="87.365" errors="0" timestamp="2026-04-23T15:26:39 IST">
  <testcase classname="tests.functional.LoginPageTest" name="TS01_Validate_loginPageTest" time="3.31"/>
  <testcase classname="tests.functional.LoginPageTest" name="TS02_Validate_registerPageTest" time="1.022"/>
  <testcase classname="tests.functional.LoginPageTest" name="TS03_Validate_forgetPasswordPageTest" time="0.668"/>
  <testcase classname="tests.functional.LoginWithDifferentUsersTest" name="TS01_login" time="7.279"/>
  <testcase classname="tests.functional.LoginWithDifferentUsersTest" name="TS01_login" time="5.254"/>
  <testcase classname="tests.functional.AdminHomePageTest" name="TS01_Validate_userHomePageTest" time="10.605"/>
  <testcase classname="tests.functional.LoginWithDifferentUsersTest" name="TS01_login" time="4.624"/>
  <testcase classname="tests.functional.SingleMoviePageTest" name="TS01_singleMovie" time="4.083"/>
  <testcase classname="tests.functional.PartnerHomePageTest" name="TS01_Validate_userHomePageTest" time="10.482"/>
  <testcase classname="tests.functional.UserHomePageTest" name="TS01_Validate_userHomePageTest" time="11.568"/>
</testsuite> <!-- UI Functional Tests -->
