<?xml version="1.0" encoding="UTF-8"?>
<!-- Generated by org.testng.reporters.JUnitReportReporter -->
<testsuite hostname="PramodKumar" failures="0" tests="3" name="tests.ui.LoginPageTests" time="3.076" errors="0" timestamp="2026-03-27T08:58:55 IST" skipped="0">
  <testcase classname="tests.ui.LoginPageTests" name="TS01_Validate_loginPageTest" time="1.834"/>
  <testcase classname="tests.ui.LoginPageTests" name="TS02_Validate_registerPageTest" time="0.685"/>
  <testcase classname="tests.ui.LoginPageTests" name="TS03_Validate_forgetPasswordPageTest" time="0.557"/>
</testsuite> <!-- tests.ui.LoginPageTests -->
