<?xml version="1.0" encoding="UTF-8"?>
<!-- Generated by org.testng.reporters.JUnitReportReporter -->
<testsuite hostname="PramodKumar" failures="0" tests="5" name="tests.api.TheatreApiTests" time="11.649" errors="0" timestamp="2026-04-23T15:27:09 IST" skipped="0">
  <testcase classname="tests.api.TheatreApiTests" name="shouldReturnTheatreInGlobalList_whenFetchingAllTheatres" time="2.532"/>
  <testcase classname="tests.api.TheatreApiTests" name="shouldRemoveTheatreFromDB_whenValidTheatreIdIsDeleted" time="2.283"/>
  <testcase classname="tests.api.TheatreApiTests" name="shouldReflectUpdatedFieldsInResponseAndDB_whenExistingTheatreIsModified" time="2.425"/>
  <testcase classname="tests.api.TheatreApiTests" name="shouldReturnTheatreInOwnerList_whenFilteredByOwnerId" time="2.420"/>
  <testcase classname="tests.api.TheatreApiTests" name="shouldPersistTheatreInDB_whenValidPartnerAddsNewTheatre" time="1.989"/>
</testsuite> <!-- tests.api.TheatreApiTests -->
