<?xml version="1.0" encoding="UTF-8"?>
<!-- Generated by org.testng.reporters.JUnitReportReporter -->
<testsuite hostname="PramodKumar" failures="0" tests="3" name="tests.functional.LoginWithDifferentUsersTest" time="17.162" errors="0" timestamp="2026-04-23T15:27:09 IST" skipped="0">
  <testcase classname="tests.functional.LoginWithDifferentUsersTest" name="TS01_login" time="5.255"/>
  <testcase classname="tests.functional.LoginWithDifferentUsersTest" name="TS01_login" time="7.279"/>
  <testcase classname="tests.functional.LoginWithDifferentUsersTest" name="TS01_login" time="4.628"/>
</testsuite> <!-- tests.functional.LoginWithDifferentUsersTest -->
