<?xml version="1.0" encoding="UTF-8"?>
<!-- Generated by org.testng.reporters.JUnitReportReporter -->
<testsuite hostname="PramodKumar" failures="0" tests="3" name="tests.ui.LoginWithDifferentUser" time="16.028" errors="0" timestamp="2026-02-26T07:30:56 IST" skipped="0">
  <testcase classname="tests.ui.LoginWithDifferentUser" name="login" time="4.520"/>
  <testcase classname="tests.ui.LoginWithDifferentUser" name="login" time="7.131"/>
  <testcase classname="tests.ui.LoginWithDifferentUser" name="login" time="4.377"/>
</testsuite> <!-- tests.ui.LoginWithDifferentUser -->
