<?xml version="1.0" encoding="UTF-8"?>
<!-- Generated by org.testng.reporters.JUnitReportReporter -->
<testsuite hostname="PramodKumar" failures="0" tests="3" name="tests.ui.LoginWithDifferentUsersTests" time="11.903" errors="0" timestamp="2026-03-27T08:58:55 IST" skipped="0">
  <testcase classname="tests.ui.LoginWithDifferentUsersTests" name="TS01_login" time="3.897"/>
  <testcase classname="tests.ui.LoginWithDifferentUsersTests" name="TS01_login" time="4.202"/>
  <testcase classname="tests.ui.LoginWithDifferentUsersTests" name="TS01_login" time="3.804"/>
</testsuite> <!-- tests.ui.LoginWithDifferentUsersTests -->
