<?xml version="1.0" encoding="UTF-8"?>
<!-- Generated by org.testng.reporters.JUnitReportReporter -->
<testsuite hostname="PramodKumar" failures="0" tests="9" name="tests.api.AuthApiTests" time="34.692" errors="0" timestamp="2026-04-23T15:27:09 IST" skipped="2">
  <testcase classname="tests.api.AuthApiTests" name="shouldReturn200_whenForgetPasswordWithValidEmail" time="1.347"/>
  <testcase classname="tests.api.AuthApiTests" name="shouldReturn200_whenLoginWithValidUser" time="0.836">
    <skipped/>
  </testcase> <!-- shouldReturn200_whenLoginWithValidUser -->
  <testcase classname="tests.api.AuthApiTests" name="shouldHaveValidJWTStructure_whenLoginSuccessful" time="1.290"/>
  <testcase classname="tests.api.AuthApiTests" name="shouldReturn200_whenLoginWithValidUser" time="0.683">
    <skipped/>
  </testcase> <!-- shouldReturn200_whenLoginWithValidUser -->
  <testcase classname="tests.api.AuthApiTests" name="shouldDecodeJWTPayload_whenBase64Decoded" time="25.441"/>
  <testcase classname="tests.api.AuthApiTests" name="shouldReturn200_whenForgetPasswordWithInvalidEmail" time="0.824"/>
  <testcase classname="tests.api.AuthApiTests" name="shouldLoginSuccessfully_whenValidCredentialsProvided" time="1.205"/>
  <testcase classname="tests.api.AuthApiTests" name="shouldHaveValidTokenExpiry_whenLoginSuccessful" time="1.506"/>
  <testcase classname="tests.api.AuthApiTests" name="shouldRegisterSuccessfully_whenValidDetailsProvided" time="1.560"/>
</testsuite> <!-- tests.api.AuthApiTests -->
