<?xml version="1.0" encoding="UTF-8"?>
<!-- Generated by org.testng.reporters.JUnitReportReporter -->
<testsuite hostname="PramodKumar" failures="0" tests="4" name="tests.api.ShowApiTests" time="4.263" errors="1" timestamp="2026-04-23T15:27:09 IST" skipped="2">
  <testcase classname="tests.api.ShowApiTests" name="cleanup" time="0.080">
    <error message="state should be: open" type="java.lang.IllegalStateException">
      <![CDATA[java.lang.IllegalStateException: state should be: open
at com.mongodb.assertions.Assertions.isTrue(Assertions.java:109)
at com.mongodb.internal.connection.BaseCluster.selectServer(BaseCluster.java:103)
at com.mongodb.internal.connection.AbstractMultiServerCluster.selectServer(AbstractMultiServerCluster.java:54)
at com.mongodb.internal.binding.ClusterBinding.getWriteConnectionSource(ClusterBinding.java:134)
at com.mongodb.client.internal.ClientSessionBinding.getConnectionSource(ClientSessionBinding.java:128)
at com.mongodb.client.internal.ClientSessionBinding.getWriteConnectionSource(ClientSessionBinding.java:102)
at com.mongodb.internal.operation.SyncOperationHelper.withSuppliedResource(SyncOperationHelper.java:144)
at com.mongodb.internal.operation.SyncOperationHelper.withSourceAndConnection(SyncOperationHelper.java:125)
at com.mongodb.internal.operation.MixedBulkWriteOperation.lambda$execute$3(MixedBulkWriteOperation.java:188)
at com.mongodb.internal.operation.MixedBulkWriteOperation.lambda$decorateWriteWithRetries$0(MixedBulkWriteOperation.java:146)
at com.mongodb.internal.async.function.RetryingSyncSupplier.get(RetryingSyncSupplier.java:67)
at com.mongodb.internal.operation.MixedBulkWriteOperation.execute(MixedBulkWriteOperation.java:207)
at com.mongodb.internal.operation.MixedBulkWriteOperation.execute(MixedBulkWriteOperation.java:77)
at com.mongodb.client.internal.MongoClientDelegate$DelegateOperationExecutor.execute(MongoClientDelegate.java:173)
at com.mongodb.client.internal.MongoCollectionImpl.executeSingleWriteRequest(MongoCollectionImpl.java:1085)
at com.mongodb.client.internal.MongoCollectionImpl.executeDelete(MongoCollectionImpl.java:1058)
at com.mongodb.client.internal.MongoCollectionImpl.deleteOne(MongoCollectionImpl.java:516)
at com.mongodb.client.internal.MongoCollectionImpl.deleteOne(MongoCollectionImpl.java:511)
at data.MongoHelper.deleteOne(MongoHelper.java:62)
at tests.api.ShowApiTests.cleanup(ShowApiTests.java:54)
at java.base/jdk.internal.reflect.DirectMethodHandleAccessor.invoke(DirectMethodHandleAccessor.java:103)
at java.base/java.lang.reflect.Method.invoke(Method.java:580)
at org.testng.internal.invokers.MethodInvocationHelper.invokeMethod(MethodInvocationHelper.java:139)
at org.testng.internal.invokers.MethodInvocationHelper.invokeMethodConsideringTimeout(MethodInvocationHelper.java:69)
at org.testng.internal.invokers.ConfigInvoker.invokeConfigurationMethod(ConfigInvoker.java:390)
at org.testng.internal.invokers.ConfigInvoker.invokeConfigurations(ConfigInvoker.java:325)
at org.testng.internal.invokers.TestInvoker.runConfigMethods(TestInvoker.java:810)
at org.testng.internal.invokers.TestInvoker.runAfterConfigurations(TestInvoker.java:779)
at org.testng.internal.invokers.TestInvoker.invokeMethod(TestInvoker.java:755)
at org.testng.internal.invokers.TestInvoker.invokeTestMethod(TestInvoker.java:227)
at org.testng.internal.invokers.MethodRunner.runInSequence(MethodRunner.java:50)
at org.testng.internal.invokers.TestInvoker$MethodInvocationAgent.invoke(TestInvoker.java:957)
at org.testng.internal.invokers.TestInvoker.invokeTestMethods(TestInvoker.java:200)
at org.testng.internal.invokers.TestMethodWorker.invokeTestMethods(TestMethodWorker.java:148)
at org.testng.internal.invokers.TestMethodWorker.run(TestMethodWorker.java:128)
at java.base/java.util.concurrent.ThreadPoolExecutor.runWorker(ThreadPoolExecutor.java:1144)
at java.base/java.util.concurrent.ThreadPoolExecutor$Worker.run(ThreadPoolExecutor.java:642)
at java.base/java.lang.Thread.run(Thread.java:1583)
]]>
    </error>
  </testcase> <!-- cleanup -->
  <testcase classname="tests.api.ShowApiTests" name="shouldReflectUpdatedFieldsInResponseAndDB_whenExistingShowIsModified" time="1.995">
    <skipped/>
  </testcase> <!-- shouldReflectUpdatedFieldsInResponseAndDB_whenExistingShowIsModified -->
  <testcase classname="tests.api.ShowApiTests" name="shouldPersistShowInDB_whenValidShowIsAdded" time="0.738"/>
  <testcase classname="tests.api.ShowApiTests" name="shouldReflectUpdatedFieldsInResponseAndDB_whenExistingShowIsModified" time="1.450">
    <skipped/>
  </testcase> <!-- shouldReflectUpdatedFieldsInResponseAndDB_whenExistingShowIsModified -->
</testsuite> <!-- tests.api.ShowApiTests -->
