<?xml version="1.0" encoding="UTF-8"?>
<!-- Generated by org.testng.reporters.JUnitReportReporter -->
<testsuite hostname="PramodKumar" failures="0" tests="3" name="tests.ui.LoginPageTests" time="8.797" errors="0" timestamp="2026-02-13T07:39:47 IST" skipped="0">
  <testcase classname="tests.ui.LoginPageTests" name="TS01_Validate_loginPageTest" time="6.085"/>
  <testcase classname="tests.ui.LoginPageTests" name="TS02_Validate_registerPageTest" time="1.869"/>
  <testcase classname="tests.ui.LoginPageTests" name="TS03_Validate_forgetPasswordPageTest" time="0.843"/>
</testsuite> <!-- tests.ui.LoginPageTests -->
