<?xml version="1.0" encoding="UTF-8"?>
<!-- Generated by org.testng.reporters.JUnitReportReporter -->
<testsuite hostname="PramodKumar" failures="0" tests="5" name="tests.api.MovieApiTests" time="37.072" errors="0" timestamp="2026-04-23T15:27:09 IST" skipped="0">
  <testcase classname="tests.api.MovieApiTests" name="shouldReflectUpdatedFieldsInResponseAndDB_whenExistingMovieIsModified" time="1.688"/>
  <testcase classname="tests.api.MovieApiTests" name="shouldReturnMovieInGlobalList_whenFetchingAllMovies" time="4.836"/>
  <testcase classname="tests.api.MovieApiTests" name="shouldReturnMovieInMoviesList_whenFilteredByMovieId" time="1.492"/>
  <testcase classname="tests.api.MovieApiTests" name="shouldRemoveTheatreFromDB_whenValidMovieIdIsDeleted" time="1.653"/>
  <testcase classname="tests.api.MovieApiTests" name="shouldPersistMovieInDB_whenValidAdminAddsNewMovie" time="27.403"/>
</testsuite> <!-- tests.api.MovieApiTests -->
