<?xml version="1.0" encoding="UTF-8"?>
<!-- Generated by org.testng.reporters.JUnitReportReporter -->
<testsuite hostname="PramodKumar" failures="0" tests="3" name="tests.e2e.PartnerAddShowTest" time="17.462" errors="1" timestamp="2026-04-23T15:27:09 IST" skipped="2">
  <testcase classname="tests.e2e.PartnerAddShowTest" name="TS01_Validate_partnerAbleToAddShow" time="1.190">
    <error message="element click intercepted: Element &lt;button type=&quot;button&quot; class=&quot;ant-btn css-7t2xvq ant-btn-default ant-btn-color-default ant-btn-variant-outlined&quot;&gt;...&lt;/button&gt; is not clickable at point (1307, 430). Other element would receive the click: &lt;div class=&quot;ant-col ant-col-8 css-7t2xvq&quot; style=&quot;padding-left: 8px; padding-right: 8px;&quot;&gt;...&lt;/div&gt;
  (Session info: chrome=147.0.7727.102)
Build info: version: &#039;4.21.0&#039;, revision: &#039;79ed462ef4&#039;
System info: os.name: &#039;Windows 11&#039;, os.arch: &#039;amd64&#039;, os.version: &#039;10.0&#039;, java.version: &#039;21.0.9&#039;
Driver info: org.openqa.selenium.chrome.ChromeDriver
Command: [92bfbcc3f7369b7f81fe8d1252dc86d3, clickElement {id=f.7071900F654C339A449E4F4A53C9274C.d.334B42155557EFD67F26BAA5505F8D59.e.30}]
Capabilities {acceptInsecureCerts: false, browserName: chrome, browserVersion: 147.0.7727.102, chrome: {chromedriverVersion: 147.0.7727.117 (474cc805edd..., userDataDir: C:\Users\pramo\AppData\Loca...}, fedcm:accounts: true, goog:chromeOptions: {debuggerAddress: localhost:54901}, goog:processID: 6292, networkConnectionEnabled: false, pageLoadStrategy: normal, platformName: windows, proxy: Proxy(), se:cdp: ws://localhost:54901/devtoo..., se:cdpVersion: 147.0.7727.102, setWindowRect: true, strictFileInteractability: false, timeouts: {implicit: 0, pageLoad: 300000, script: 30000}, unhandledPromptBehavior: dismiss and notify, webauthn:extension:credBlob: true, webauthn:extension:largeBlob: true, webauthn:extension:minPinLength: true, webauthn:extension:prf: true, webauthn:virtualAuthenticators: true}
Element: [[ChromeDriver: chrome on windows (92bfbcc3f7369b7f81fe8d1252dc86d3)] -&gt; xpath: //td[normalize-space(text())=&#039;PVR&#039;]/ancestor::tr//*[normalize-space(text())=&#039;+ Shows&#039;]/ancestor::button]
Session ID: 92bfbcc3f7369b7f81fe8d1252dc86d3" type="org.openqa.selenium.ElementClickInterceptedException">
      <![CDATA[org.openqa.selenium.ElementClickInterceptedException: element click intercepted: Element <button type="button" class="ant-btn css-7t2xvq ant-btn-default ant-btn-color-default ant-btn-variant-outlined">...</button> is not clickable at point (1307, 430). Other element would receive the click: <div class="ant-col ant-col-8 css-7t2xvq" style="padding-left: 8px; padding-right: 8px;">...</div>
  (Session info: chrome=147.0.7727.102)
Build info: version: '4.21.0', revision: '79ed462ef4'
System info: os.name: 'Windows 11', os.arch: 'amd64', os.version: '10.0', java.version: '21.0.9'
Driver info: org.openqa.selenium.chrome.ChromeDriver
Command: [92bfbcc3f7369b7f81fe8d1252dc86d3, clickElement {id=f.7071900F654C339A449E4F4A53C9274C.d.334B42155557EFD67F26BAA5505F8D59.e.30}]
Capabilities {acceptInsecureCerts: false, browserName: chrome, browserVersion: 147.0.7727.102, chrome: {chromedriverVersion: 147.0.7727.117 (474cc805edd..., userDataDir: C:\Users\pramo\AppData\Loca...}, fedcm:accounts: true, goog:chromeOptions: {debuggerAddress: localhost:54901}, goog:processID: 6292, networkConnectionEnabled: false, pageLoadStrategy: normal, platformName: windows, proxy: Proxy(), se:cdp: ws://localhost:54901/devtoo..., se:cdpVersion: 147.0.7727.102, setWindowRect: true, strictFileInteractability: false, timeouts: {implicit: 0, pageLoad: 300000, script: 30000}, unhandledPromptBehavior: dismiss and notify, webauthn:extension:credBlob: true, webauthn:extension:largeBlob: true, webauthn:extension:minPinLength: true, webauthn:extension:prf: true, webauthn:virtualAuthenticators: true}
Element: [[ChromeDriver: chrome on windows (92bfbcc3f7369b7f81fe8d1252dc86d3)] -> xpath: //td[normalize-space(text())='PVR']/ancestor::tr//*[normalize-space(text())='+ Shows']/ancestor::button]
Session ID: 92bfbcc3f7369b7f81fe8d1252dc86d3
at java.base/jdk.internal.reflect.DirectConstructorHandleAccessor.newInstance(DirectConstructorHandleAccessor.java:62)
at java.base/java.lang.reflect.Constructor.newInstanceWithCaller(Constructor.java:502)
at java.base/java.lang.reflect.Constructor.newInstance(Constructor.java:486)
at org.openqa.selenium.remote.ErrorCodec.decode(ErrorCodec.java:167)
at org.openqa.selenium.remote.codec.w3c.W3CHttpResponseCodec.decode(W3CHttpResponseCodec.java:138)
at org.openqa.selenium.remote.codec.w3c.W3CHttpResponseCodec.decode(W3CHttpResponseCodec.java:50)
at org.openqa.selenium.remote.HttpCommandExecutor.execute(HttpCommandExecutor.java:190)
at org.openqa.selenium.remote.service.DriverCommandExecutor.invokeExecute(DriverCommandExecutor.java:216)
at org.openqa.selenium.remote.service.DriverCommandExecutor.execute(DriverCommandExecutor.java:174)
at org.openqa.selenium.remote.RemoteWebDriver.execute(RemoteWebDriver.java:518)
at org.openqa.selenium.remote.RemoteWebElement.execute(RemoteWebElement.java:223)
at org.openqa.selenium.remote.RemoteWebElement.click(RemoteWebElement.java:76)
at ui.components.Button.click(Button.java:36)
at tests.e2e.PartnerAddShowTest.TS01_Validate_partnerAbleToAddShow(PartnerAddShowTest.java:73)
at java.base/jdk.internal.reflect.DirectMethodHandleAccessor.invoke(DirectMethodHandleAccessor.java:103)
at java.base/java.lang.reflect.Method.invoke(Method.java:580)
at org.testng.internal.invokers.MethodInvocationHelper.invokeMethod(MethodInvocationHelper.java:139)
at org.testng.internal.invokers.TestInvoker.invokeMethod(TestInvoker.java:664)
at org.testng.internal.invokers.TestInvoker.retryFailed(TestInvoker.java:248)
at org.testng.internal.invokers.MethodRunner.runInSequence(MethodRunner.java:62)
at org.testng.internal.invokers.TestInvoker$MethodInvocationAgent.invoke(TestInvoker.java:957)
at org.testng.internal.invokers.TestInvoker.invokeTestMethods(TestInvoker.java:200)
at org.testng.internal.invokers.TestMethodWorker.invokeTestMethods(TestMethodWorker.java:148)
at org.testng.internal.invokers.TestMethodWorker.run(TestMethodWorker.java:128)
at java.base/java.util.concurrent.ThreadPoolExecutor.runWorker(ThreadPoolExecutor.java:1144)
at java.base/java.util.concurrent.ThreadPoolExecutor$Worker.run(ThreadPoolExecutor.java:642)
at java.base/java.lang.Thread.run(Thread.java:1583)
]]>
    </error>
  </testcase> <!-- TS01_Validate_partnerAbleToAddShow -->
  <testcase classname="tests.e2e.PartnerAddShowTest" name="TS01_Validate_partnerAbleToAddShow" time="1.227">
    <skipped/>
  </testcase> <!-- TS01_Validate_partnerAbleToAddShow -->
  <testcase classname="tests.e2e.PartnerAddShowTest" name="TS01_Validate_partnerAbleToAddShow" time="15.045">
    <skipped/>
  </testcase> <!-- TS01_Validate_partnerAbleToAddShow -->
</testsuite> <!-- tests.e2e.PartnerAddShowTest -->
