<?xml version="1.0" encoding="UTF-8"?>
<!-- Generated by org.testng.reporters.JUnitReportReporter -->
<testsuite hostname="PramodKumar" failures="0" tests="3" name="tests.ui.LoginWithDifferentUsersTests" time="55.003" errors="0" timestamp="2026-03-12T07:39:16 IST" skipped="0">
  <testcase classname="tests.ui.LoginWithDifferentUsersTests" name="TS01_login" time="6.203"/>
  <testcase classname="tests.ui.LoginWithDifferentUsersTests" name="TS01_login" time="12.563"/>
  <testcase classname="tests.ui.LoginWithDifferentUsersTests" name="TS01_login" time="36.237"/>
</testsuite> <!-- tests.ui.LoginWithDifferentUsersTests -->
