<?xml version="1.0" encoding="UTF-8"?>
<!-- Generated by org.testng.reporters.JUnitReportReporter -->
<testsuite hostname="PramodKumar" failures="0" tests="3" name="tests.functional.LoginPageTest" time="5.045" errors="0" timestamp="2026-04-23T15:27:09 IST" skipped="0">
  <testcase classname="tests.functional.LoginPageTest" name="TS01_Validate_loginPageTest" time="3.311"/>
  <testcase classname="tests.functional.LoginPageTest" name="TS02_Validate_registerPageTest" time="1.024"/>
  <testcase classname="tests.functional.LoginPageTest" name="TS03_Validate_forgetPasswordPageTest" time="0.710"/>
</testsuite> <!-- tests.functional.LoginPageTest -->
