<?xml version="1.0" encoding="UTF-8"?>
<!-- Generated by org.testng.reporters.JUnitReportReporter -->
<testsuite hostname="PramodKumar" failures="0" tests="3" name="com.selenium.demo.BMSProject.LoginPageTest" time="3.142" errors="0" timestamp="2025-12-09T12:40:35 IST" skipped="0">
  <testcase classname="com.selenium.demo.BMSProject.LoginPageTest" name="loginPageTest" time="1.740"/>
  <testcase classname="com.selenium.demo.BMSProject.LoginPageTest" name="registerPageTest" time="0.735"/>
  <testcase classname="com.selenium.demo.BMSProject.LoginPageTest" name="forgetPasswordPageTest" time="0.667"/>
</testsuite> <!-- com.selenium.demo.BMSProject.LoginPageTest -->
