<?xml version="1.0" encoding="UTF-8"?>
<!-- Generated by org.testng.reporters.JUnitReportReporter -->
<testsuite hostname="PramodKumar" failures="0" tests="3" name="com.selenium.demo.BMSProject.LoginPageTest" time="5.931" errors="0" timestamp="2025-12-13T20:41:52 IST" skipped="0">
  <testcase classname="com.selenium.demo.BMSProject.LoginPageTest" name="loginPageTest" time="4.321"/>
  <testcase classname="com.selenium.demo.BMSProject.LoginPageTest" name="registerPageTest" time="0.947"/>
  <testcase classname="com.selenium.demo.BMSProject.LoginPageTest" name="forgetPasswordPageTest" time="0.663"/>
</testsuite> <!-- com.selenium.demo.BMSProject.LoginPageTest -->
